2024-11-17 18:11:13,549 INFO o.a.j.u.JMeterUtils: Setting Locale to en_EN
2024-11-17 18:11:13,585 INFO o.a.j.JMeter: Loading user properties from: user.properties
2024-11-17 18:11:13,586 INFO o.a.j.JMeter: Loading system properties from: system.properties
2024-11-17 18:11:13,605 INFO o.a.j.JMeter: Copyright (c) 1998-2024 The Apache Software Foundation
2024-11-17 18:11:13,605 INFO o.a.j.JMeter: Version 5.6.3
2024-11-17 18:11:13,605 INFO o.a.j.JMeter: java.version=1.8.0_333
2024-11-17 18:11:13,605 INFO o.a.j.JMeter: java.vm.name=Java HotSpot(TM) 64-Bit Server VM
2024-11-17 18:11:13,605 INFO o.a.j.JMeter: os.name=Windows 10
2024-11-17 18:11:13,605 INFO o.a.j.JMeter: os.arch=amd64
2024-11-17 18:11:13,605 INFO o.a.j.JMeter: os.version=10.0
2024-11-17 18:11:13,605 INFO o.a.j.JMeter: file.encoding=Cp1252
2024-11-17 18:11:13,605 INFO o.a.j.JMeter: java.awt.headless=null
2024-11-17 18:11:13,605 INFO o.a.j.JMeter: Max memory     =1073741824
2024-11-17 18:11:13,606 INFO o.a.j.JMeter: Available Processors =4
2024-11-17 18:11:13,621 INFO o.a.j.JMeter: Default Locale=English (EN)
2024-11-17 18:11:13,621 INFO o.a.j.JMeter: JMeter  Locale=English (EN)
2024-11-17 18:11:13,621 INFO o.a.j.JMeter: JMeterHome=F:\Software\Software Testing\Jmeter API Tool\apache-jmeter-5.6.3
2024-11-17 18:11:13,621 INFO o.a.j.JMeter: user.dir  =F:\Software\Software Testing\Jmeter API Tool\apache-jmeter-5.6.3\bin
2024-11-17 18:11:13,622 INFO o.a.j.JMeter: PWD       =F:\Software\Software Testing\Jmeter API Tool\apache-jmeter-5.6.3\bin
2024-11-17 18:11:18,194 INFO o.a.j.JMeter: IP: 192.168.56.1 Name: DESKTOP-PC9C3P6 FullName: DESKTOP-PC9C3P6
2024-11-17 18:11:18,305 INFO o.a.j.JMeter: Loaded icon properties from org/apache/jmeter/images/icon.properties
2024-11-17 18:11:18,879 INFO o.a.j.JMeterGuiLauncher: Setting LAF to: com.github.weisj.darklaf.DarkLaf:com.github.weisj.darklaf.theme.DarculaTheme
2024-11-17 18:15:58,190 INFO o.a.j.s.FileServer: Default base='F:\Software\Software Testing\Jmeter API Tool\apache-jmeter-5.6.3\bin'
2024-11-17 18:15:58,326 INFO o.a.j.g.a.Load: Loading file: F:\Software\Software Testing\Jmeter API Tool\apache-jmeter-5.6.3\bin\HTTP Request.jmx
2024-11-17 18:15:58,326 INFO o.a.j.s.FileServer: Set new base='F:\Software\Software Testing\Jmeter API Tool\apache-jmeter-5.6.3\bin'
2024-11-17 18:16:00,197 INFO o.a.j.s.SaveService: Testplan (JMX) version: 2.2. Testlog (JTL) version: 2.2
2024-11-17 18:16:00,378 INFO o.a.j.s.SaveService: Using SaveService properties file encoding UTF-8
2024-11-17 18:16:00,380 INFO o.a.j.s.SaveService: Using SaveService properties version 5.0
2024-11-17 18:16:00,385 INFO o.a.j.s.SaveService: Loading file: F:\Software\Software Testing\Jmeter API Tool\apache-jmeter-5.6.3\bin\HTTP Request.jmx
2024-11-17 18:16:00,533 INFO o.a.j.p.h.s.HTTPSamplerBase: Parser for text/html is org.apache.jmeter.protocol.http.parser.LagartoBasedHtmlParser
2024-11-17 18:16:00,534 INFO o.a.j.p.h.s.HTTPSamplerBase: Parser for application/xhtml+xml is org.apache.jmeter.protocol.http.parser.LagartoBasedHtmlParser
2024-11-17 18:16:00,534 INFO o.a.j.p.h.s.HTTPSamplerBase: Parser for application/xml is org.apache.jmeter.protocol.http.parser.LagartoBasedHtmlParser
2024-11-17 18:16:00,534 INFO o.a.j.p.h.s.HTTPSamplerBase: Parser for text/xml is org.apache.jmeter.protocol.http.parser.LagartoBasedHtmlParser
2024-11-17 18:16:00,534 INFO o.a.j.p.h.s.HTTPSamplerBase: Parser for text/vnd.wap.wml is org.apache.jmeter.protocol.http.parser.RegexpHTMLParser
2024-11-17 18:16:00,534 INFO o.a.j.p.h.s.HTTPSamplerBase: Parser for text/css is org.apache.jmeter.protocol.http.parser.CssParser
2024-11-17 18:16:00,752 INFO o.a.j.p.h.c.CookieManager: Settings: Delete null: true Check: true Allow variable: true Save: false Prefix: COOKIE_
2024-11-17 18:16:01,868 INFO o.a.j.s.FileServer: Set new base='F:\Software\Software Testing\Jmeter API Tool\apache-jmeter-5.6.3\bin'
2024-11-17 18:16:09,249 INFO o.a.j.g.a.Load: Loading file: F:\Software\Software Testing\Jmeter API Tool\My Save Test Plan\Summary Report.jmx
2024-11-17 18:16:09,249 INFO o.a.j.s.FileServer: Set new base='F:\Software\Software Testing\Jmeter API Tool\My Save Test Plan'
2024-11-17 18:16:09,249 INFO o.a.j.s.SaveService: Loading file: F:\Software\Software Testing\Jmeter API Tool\My Save Test Plan\Summary Report.jmx
2024-11-17 18:16:09,313 INFO o.a.j.s.SampleResult: Note: Sample TimeStamps are START times
2024-11-17 18:16:09,313 INFO o.a.j.s.SampleResult: sampleresult.default.encoding is set to UTF-8
2024-11-17 18:16:09,313 INFO o.a.j.s.SampleResult: sampleresult.useNanoTime=true
2024-11-17 18:16:09,313 INFO o.a.j.s.SampleResult: sampleresult.nanoThreadSleep=5000
2024-11-17 18:16:10,197 INFO o.a.j.s.FileServer: Set new base='F:\Software\Software Testing\Jmeter API Tool\My Save Test Plan'
2024-11-17 18:16:37,981 INFO o.a.j.g.a.Load: Loading file: F:\Software\Software Testing\Jmeter API Tool\My Save Test Plan\Summary Report.jmx
2024-11-17 18:16:37,981 INFO o.a.j.s.FileServer: Set new base='F:\Software\Software Testing\Jmeter API Tool\My Save Test Plan'
2024-11-17 18:16:37,981 INFO o.a.j.s.SaveService: Loading file: F:\Software\Software Testing\Jmeter API Tool\My Save Test Plan\Summary Report.jmx
2024-11-17 18:16:38,086 INFO o.a.j.s.FileServer: Set new base='F:\Software\Software Testing\Jmeter API Tool\My Save Test Plan'
2024-11-17 18:16:45,830 INFO o.a.j.g.a.Load: Loading file: F:\Software\Software Testing\Jmeter API Tool\My Save Test Plan\Transaction Controller.jmx
2024-11-17 18:16:45,831 INFO o.a.j.s.FileServer: Set new base='F:\Software\Software Testing\Jmeter API Tool\My Save Test Plan'
2024-11-17 18:16:45,831 INFO o.a.j.s.SaveService: Loading file: F:\Software\Software Testing\Jmeter API Tool\My Save Test Plan\Transaction Controller.jmx
2024-11-17 18:16:46,047 INFO o.a.j.s.FileServer: Set new base='F:\Software\Software Testing\Jmeter API Tool\My Save Test Plan'
2024-11-17 18:34:04,008 INFO o.a.j.g.a.Load: Loading file: F:\Software\Software Testing\Jmeter API Tool\My Save Test Plan\Graph Results.jmx
2024-11-17 18:34:04,008 INFO o.a.j.s.FileServer: Set new base='F:\Software\Software Testing\Jmeter API Tool\My Save Test Plan'
2024-11-17 18:34:04,008 INFO o.a.j.s.SaveService: Loading file: F:\Software\Software Testing\Jmeter API Tool\My Save Test Plan\Graph Results.jmx
2024-11-17 18:34:04,178 INFO o.a.j.s.FileServer: Set new base='F:\Software\Software Testing\Jmeter API Tool\My Save Test Plan'
2024-11-17 18:34:29,139 INFO o.a.j.e.StandardJMeterEngine: Running the test!
2024-11-17 18:34:29,140 INFO o.a.j.s.SampleEvent: List of sample_variables: []
2024-11-17 18:34:29,140 INFO o.a.j.s.SampleEvent: List of sample_variables: []
2024-11-17 18:34:29,141 INFO o.a.j.e.u.CompoundVariable: Note: Function class names must contain the string: '.functions.'
2024-11-17 18:34:29,141 INFO o.a.j.e.u.CompoundVariable: Note: Function class names must not contain the string: '.gui.'
2024-11-17 18:34:29,649 INFO o.a.j.g.u.JMeterMenuBar: setRunning(true, *local*)
2024-11-17 18:34:29,812 INFO o.a.j.e.StandardJMeterEngine: Starting ThreadGroup: 1 : Thread Group
2024-11-17 18:34:29,813 INFO o.a.j.e.StandardJMeterEngine: Starting 1 threads for group Thread Group.
2024-11-17 18:34:29,813 INFO o.a.j.e.StandardJMeterEngine: Thread will continue on error
2024-11-17 18:34:29,813 INFO o.a.j.t.ThreadGroup: Starting thread group... number=1 threads=1 ramp-up=1 delayedStart=false
2024-11-17 18:34:29,818 INFO o.a.j.t.ThreadGroup: Started thread group number 1
2024-11-17 18:34:29,819 INFO o.a.j.e.StandardJMeterEngine: All thread groups have been started
2024-11-17 18:34:29,823 INFO o.a.j.t.JMeterThread: Thread started: Thread Group 1-1
2024-11-17 18:34:29,902 INFO o.a.j.p.h.s.HTTPHCAbstractImpl: Local host = DESKTOP-PC9C3P6
2024-11-17 18:34:29,920 INFO o.a.j.p.h.s.HTTPHC4Impl: HTTP request retry count = 0
2024-11-17 18:34:30,247 INFO o.a.j.p.h.s.h.LazyLayeredConnectionSocketFactory: Setting up HTTPS TrustAll Socket Factory
2024-11-17 18:34:30,268 INFO o.a.j.u.JsseSSLManager: Using default SSL protocol: TLS
2024-11-17 18:34:30,269 INFO o.a.j.u.JsseSSLManager: SSL session context: per-thread
2024-11-17 18:37:18,356 INFO o.a.j.t.JMeterThread: Thread is done: Thread Group 1-1
2024-11-17 18:37:18,357 INFO o.a.j.t.JMeterThread: Thread finished: Thread Group 1-1
2024-11-17 18:37:18,391 INFO o.a.j.e.StandardJMeterEngine: Notifying test listeners of end of test
2024-11-17 18:37:18,391 INFO o.a.j.g.u.JMeterMenuBar: setRunning(false, *local*)
2024-11-17 18:40:26,489 INFO o.a.j.e.StandardJMeterEngine: Running the test!
2024-11-17 18:40:26,489 INFO o.a.j.s.SampleEvent: List of sample_variables: []
2024-11-17 18:40:26,493 INFO o.a.j.g.u.JMeterMenuBar: setRunning(true, *local*)
2024-11-17 18:40:26,638 INFO o.a.j.e.StandardJMeterEngine: Starting ThreadGroup: 1 : Thread Group
2024-11-17 18:40:26,638 INFO o.a.j.e.StandardJMeterEngine: Starting 100 threads for group Thread Group.
2024-11-17 18:40:26,639 INFO o.a.j.e.StandardJMeterEngine: Thread will continue on error
2024-11-17 18:40:26,639 INFO o.a.j.t.ThreadGroup: Starting thread group... number=1 threads=100 ramp-up=150 delayedStart=false
2024-11-17 18:40:26,655 INFO o.a.j.t.JMeterThread: Thread started: Thread Group 1-1
2024-11-17 18:40:26,695 INFO o.a.j.t.ThreadGroup: Started thread group number 1
2024-11-17 18:40:26,695 INFO o.a.j.e.StandardJMeterEngine: All thread groups have been started
2024-11-17 18:40:28,154 INFO o.a.j.t.JMeterThread: Thread started: Thread Group 1-2
2024-11-17 18:40:29,653 INFO o.a.j.t.JMeterThread: Thread started: Thread Group 1-3
2024-11-17 18:40:31,153 INFO o.a.j.t.JMeterThread: Thread started: Thread Group 1-4
2024-11-17 18:40:32,653 INFO o.a.j.t.JMeterThread: Thread started: Thread Group 1-5
2024-11-17 18:40:34,157 INFO o.a.j.t.JMeterThread: Thread started: Thread Group 1-6
2024-11-17 18:40:35,657 INFO o.a.j.t.JMeterThread: Thread started: Thread Group 1-7
2024-11-17 18:40:37,157 INFO o.a.j.t.JMeterThread: Thread started: Thread Group 1-8
2024-11-17 18:40:38,658 INFO o.a.j.t.JMeterThread: Thread started: Thread Group 1-9
2024-11-17 18:40:40,158 INFO o.a.j.t.JMeterThread: Thread started: Thread Group 1-10
2024-11-17 18:40:41,650 INFO o.a.j.t.JMeterThread: Thread started: Thread Group 1-11
2024-11-17 18:40:43,148 INFO o.a.j.t.JMeterThread: Thread started: Thread Group 1-12
2024-11-17 18:40:44,654 INFO o.a.j.t.JMeterThread: Thread started: Thread Group 1-13
2024-11-17 18:40:46,158 INFO o.a.j.t.JMeterThread: Thread started: Thread Group 1-14
2024-11-17 18:40:47,651 INFO o.a.j.t.JMeterThread: Thread started: Thread Group 1-15
2024-11-17 18:40:49,151 INFO o.a.j.t.JMeterThread: Thread started: Thread Group 1-16
2024-11-17 18:40:50,651 INFO o.a.j.t.JMeterThread: Thread started: Thread Group 1-17
2024-11-17 18:40:52,150 INFO o.a.j.t.JMeterThread: Thread started: Thread Group 1-18
2024-11-17 18:40:53,651 INFO o.a.j.t.JMeterThread: Thread started: Thread Group 1-19
2024-11-17 18:40:55,151 INFO o.a.j.t.JMeterThread: Thread started: Thread Group 1-20
2024-11-17 18:40:56,649 INFO o.a.j.t.JMeterThread: Thread started: Thread Group 1-21
2024-11-17 18:40:58,150 INFO o.a.j.t.JMeterThread: Thread started: Thread Group 1-22
2024-11-17 18:40:59,647 INFO o.a.j.t.JMeterThread: Thread started: Thread Group 1-23
2024-11-17 18:41:01,148 INFO o.a.j.t.JMeterThread: Thread started: Thread Group 1-24
2024-11-17 18:41:02,648 INFO o.a.j.t.JMeterThread: Thread started: Thread Group 1-25
2024-11-17 18:41:04,147 INFO o.a.j.t.JMeterThread: Thread started: Thread Group 1-26
2024-11-17 18:41:05,647 INFO o.a.j.t.JMeterThread: Thread started: Thread Group 1-27
2024-11-17 18:41:07,149 INFO o.a.j.t.JMeterThread: Thread started: Thread Group 1-28
2024-11-17 18:41:08,647 INFO o.a.j.t.JMeterThread: Thread started: Thread Group 1-29
2024-11-17 18:41:10,150 INFO o.a.j.t.JMeterThread: Thread started: Thread Group 1-30
2024-11-17 18:41:11,649 INFO o.a.j.t.JMeterThread: Thread started: Thread Group 1-31
2024-11-17 18:41:13,153 INFO o.a.j.t.JMeterThread: Thread started: Thread Group 1-32
2024-11-17 18:41:14,653 INFO o.a.j.t.JMeterThread: Thread started: Thread Group 1-33
2024-11-17 18:41:16,157 INFO o.a.j.t.JMeterThread: Thread started: Thread Group 1-34
2024-11-17 18:41:17,659 INFO o.a.j.t.JMeterThread: Thread started: Thread Group 1-35
2024-11-17 18:41:19,160 INFO o.a.j.t.JMeterThread: Thread started: Thread Group 1-36
2024-11-17 18:41:20,660 INFO o.a.j.t.JMeterThread: Thread started: Thread Group 1-37
2024-11-17 18:41:22,158 INFO o.a.j.t.JMeterThread: Thread started: Thread Group 1-38
2024-11-17 18:41:23,659 INFO o.a.j.t.JMeterThread: Thread started: Thread Group 1-39
2024-11-17 18:41:25,170 INFO o.a.j.t.JMeterThread: Thread started: Thread Group 1-40
2024-11-17 18:41:26,672 INFO o.a.j.t.JMeterThread: Thread started: Thread Group 1-41
2024-11-17 18:41:28,171 INFO o.a.j.t.JMeterThread: Thread started: Thread Group 1-42
2024-11-17 18:41:29,672 INFO o.a.j.t.JMeterThread: Thread started: Thread Group 1-43
2024-11-17 18:41:31,172 INFO o.a.j.t.JMeterThread: Thread started: Thread Group 1-44
2024-11-17 18:41:32,671 INFO o.a.j.t.JMeterThread: Thread started: Thread Group 1-45
2024-11-17 18:41:34,170 INFO o.a.j.t.JMeterThread: Thread started: Thread Group 1-46
2024-11-17 18:41:35,670 INFO o.a.j.t.JMeterThread: Thread started: Thread Group 1-47
2024-11-17 18:41:37,172 INFO o.a.j.t.JMeterThread: Thread started: Thread Group 1-48
2024-11-17 18:41:38,659 INFO o.a.j.t.JMeterThread: Thread started: Thread Group 1-49
2024-11-17 18:41:40,171 INFO o.a.j.t.JMeterThread: Thread started: Thread Group 1-50
2024-11-17 18:41:41,670 INFO o.a.j.t.JMeterThread: Thread started: Thread Group 1-51
2024-11-17 18:41:43,172 INFO o.a.j.t.JMeterThread: Thread started: Thread Group 1-52
2024-11-17 18:41:44,670 INFO o.a.j.t.JMeterThread: Thread started: Thread Group 1-53
2024-11-17 18:41:46,171 INFO o.a.j.t.JMeterThread: Thread started: Thread Group 1-54
2024-11-17 18:41:47,668 INFO o.a.j.t.JMeterThread: Thread started: Thread Group 1-55
2024-11-17 18:41:49,166 INFO o.a.j.t.JMeterThread: Thread started: Thread Group 1-56
2024-11-17 18:41:50,666 INFO o.a.j.t.JMeterThread: Thread started: Thread Group 1-57
2024-11-17 18:41:52,166 INFO o.a.j.t.JMeterThread: Thread started: Thread Group 1-58
2024-11-17 18:41:53,669 INFO o.a.j.t.JMeterThread: Thread started: Thread Group 1-59
2024-11-17 18:41:55,169 INFO o.a.j.t.JMeterThread: Thread started: Thread Group 1-60
2024-11-17 18:41:56,670 INFO o.a.j.t.JMeterThread: Thread started: Thread Group 1-61
2024-11-17 18:41:58,152 INFO o.a.j.t.JMeterThread: Thread started: Thread Group 1-62
2024-11-17 18:41:59,669 INFO o.a.j.t.JMeterThread: Thread started: Thread Group 1-63
2024-11-17 18:42:01,169 INFO o.a.j.t.JMeterThread: Thread started: Thread Group 1-64
2024-11-17 18:42:02,668 INFO o.a.j.t.JMeterThread: Thread started: Thread Group 1-65
2024-11-17 18:42:04,170 INFO o.a.j.t.JMeterThread: Thread started: Thread Group 1-66
2024-11-17 18:42:05,669 INFO o.a.j.t.JMeterThread: Thread started: Thread Group 1-67
2024-11-17 18:42:07,169 INFO o.a.j.t.JMeterThread: Thread started: Thread Group 1-68
2024-11-17 18:42:08,675 INFO o.a.j.t.JMeterThread: Thread started: Thread Group 1-69
2024-11-17 18:42:10,178 INFO o.a.j.t.JMeterThread: Thread started: Thread Group 1-70
2024-11-17 18:42:11,649 INFO o.a.j.t.JMeterThread: Thread started: Thread Group 1-71
2024-11-17 18:42:13,178 INFO o.a.j.t.JMeterThread: Thread started: Thread Group 1-72
2024-11-17 18:42:14,678 INFO o.a.j.t.JMeterThread: Thread started: Thread Group 1-73
2024-11-17 18:42:16,177 INFO o.a.j.t.JMeterThread: Thread started: Thread Group 1-74
2024-11-17 18:42:17,677 INFO o.a.j.t.JMeterThread: Thread started: Thread Group 1-75
2024-11-17 18:42:19,176 INFO o.a.j.t.JMeterThread: Thread started: Thread Group 1-76
2024-11-17 18:42:20,675 INFO o.a.j.t.JMeterThread: Thread started: Thread Group 1-77
2024-11-17 18:42:22,175 INFO o.a.j.t.JMeterThread: Thread started: Thread Group 1-78
2024-11-17 18:42:23,674 INFO o.a.j.t.JMeterThread: Thread started: Thread Group 1-79
2024-11-17 18:42:25,174 INFO o.a.j.t.JMeterThread: Thread started: Thread Group 1-80
2024-11-17 18:42:26,674 INFO o.a.j.t.JMeterThread: Thread started: Thread Group 1-81
2024-11-17 18:42:28,174 INFO o.a.j.t.JMeterThread: Thread started: Thread Group 1-82
2024-11-17 18:42:29,673 INFO o.a.j.t.JMeterThread: Thread started: Thread Group 1-83
2024-11-17 18:42:31,175 INFO o.a.j.t.JMeterThread: Thread started: Thread Group 1-84
2024-11-17 18:42:32,676 INFO o.a.j.t.JMeterThread: Thread started: Thread Group 1-85
2024-11-17 18:42:34,176 INFO o.a.j.t.JMeterThread: Thread started: Thread Group 1-86
2024-11-17 18:42:35,676 INFO o.a.j.t.JMeterThread: Thread started: Thread Group 1-87
2024-11-17 18:42:37,175 INFO o.a.j.t.JMeterThread: Thread started: Thread Group 1-88
2024-11-17 18:42:38,676 INFO o.a.j.t.JMeterThread: Thread started: Thread Group 1-89
2024-11-17 18:42:40,177 INFO o.a.j.t.JMeterThread: Thread started: Thread Group 1-90
2024-11-17 18:42:41,674 INFO o.a.j.t.JMeterThread: Thread started: Thread Group 1-91
2024-11-17 18:42:43,176 INFO o.a.j.t.JMeterThread: Thread started: Thread Group 1-92
2024-11-17 18:42:44,677 INFO o.a.j.t.JMeterThread: Thread started: Thread Group 1-93
2024-11-17 18:42:46,144 INFO o.a.j.t.JMeterThread: Thread started: Thread Group 1-94
2024-11-17 18:42:47,644 INFO o.a.j.t.JMeterThread: Thread started: Thread Group 1-95
2024-11-17 18:42:49,144 INFO o.a.j.t.JMeterThread: Thread started: Thread Group 1-96
2024-11-17 18:42:50,682 INFO o.a.j.t.JMeterThread: Thread started: Thread Group 1-97
2024-11-17 18:42:52,183 INFO o.a.j.t.JMeterThread: Thread started: Thread Group 1-98
2024-11-17 18:42:53,682 INFO o.a.j.t.JMeterThread: Thread started: Thread Group 1-99
2024-11-17 18:42:55,182 INFO o.a.j.t.JMeterThread: Thread started: Thread Group 1-100
2024-11-17 18:52:41,804 INFO o.a.j.t.JMeterThread: Thread is done: Thread Group 1-1
2024-11-17 18:52:41,805 INFO o.a.j.t.JMeterThread: Thread finished: Thread Group 1-1
2024-11-17 18:52:43,227 INFO o.a.j.t.JMeterThread: Thread is done: Thread Group 1-2
2024-11-17 18:52:43,227 INFO o.a.j.t.JMeterThread: Thread finished: Thread Group 1-2
2024-11-17 18:52:44,721 INFO o.a.j.t.JMeterThread: Thread is done: Thread Group 1-3
2024-11-17 18:52:44,722 INFO o.a.j.t.JMeterThread: Thread finished: Thread Group 1-3
2024-11-17 18:52:46,249 INFO o.a.j.t.JMeterThread: Thread is done: Thread Group 1-4
2024-11-17 18:52:46,250 INFO o.a.j.t.JMeterThread: Thread finished: Thread Group 1-4
2024-11-17 18:52:47,726 INFO o.a.j.t.JMeterThread: Thread is done: Thread Group 1-5
2024-11-17 18:52:47,726 INFO o.a.j.t.JMeterThread: Thread finished: Thread Group 1-5
2024-11-17 18:52:49,229 INFO o.a.j.t.JMeterThread: Thread is done: Thread Group 1-6
2024-11-17 18:52:49,229 INFO o.a.j.t.JMeterThread: Thread finished: Thread Group 1-6
2024-11-17 18:52:50,753 INFO o.a.j.t.JMeterThread: Thread is done: Thread Group 1-7
2024-11-17 18:52:50,753 INFO o.a.j.t.JMeterThread: Thread finished: Thread Group 1-7
2024-11-17 18:52:52,230 INFO o.a.j.t.JMeterThread: Thread is done: Thread Group 1-8
2024-11-17 18:52:52,231 INFO o.a.j.t.JMeterThread: Thread finished: Thread Group 1-8
2024-11-17 18:52:53,726 INFO o.a.j.t.JMeterThread: Thread is done: Thread Group 1-9
2024-11-17 18:52:53,727 INFO o.a.j.t.JMeterThread: Thread finished: Thread Group 1-9
2024-11-17 18:52:55,231 INFO o.a.j.t.JMeterThread: Thread is done: Thread Group 1-10
2024-11-17 18:52:55,232 INFO o.a.j.t.JMeterThread: Thread finished: Thread Group 1-10
2024-11-17 18:52:56,724 INFO o.a.j.t.JMeterThread: Thread is done: Thread Group 1-11
2024-11-17 18:52:56,724 INFO o.a.j.t.JMeterThread: Thread finished: Thread Group 1-11
2024-11-17 18:52:58,228 INFO o.a.j.t.JMeterThread: Thread is done: Thread Group 1-12
2024-11-17 18:52:58,228 INFO o.a.j.t.JMeterThread: Thread finished: Thread Group 1-12
2024-11-17 18:52:59,726 INFO o.a.j.t.JMeterThread: Thread is done: Thread Group 1-13
2024-11-17 18:52:59,726 INFO o.a.j.t.JMeterThread: Thread finished: Thread Group 1-13
2024-11-17 18:53:01,228 INFO o.a.j.t.JMeterThread: Thread is done: Thread Group 1-14
2024-11-17 18:53:01,229 INFO o.a.j.t.JMeterThread: Thread finished: Thread Group 1-14
2024-11-17 18:53:02,727 INFO o.a.j.t.JMeterThread: Thread is done: Thread Group 1-15
2024-11-17 18:53:02,727 INFO o.a.j.t.JMeterThread: Thread finished: Thread Group 1-15
2024-11-17 18:53:04,229 INFO o.a.j.t.JMeterThread: Thread is done: Thread Group 1-16
2024-11-17 18:53:04,229 INFO o.a.j.t.JMeterThread: Thread finished: Thread Group 1-16
2024-11-17 18:53:05,729 INFO o.a.j.t.JMeterThread: Thread is done: Thread Group 1-17
2024-11-17 18:53:05,729 INFO o.a.j.t.JMeterThread: Thread finished: Thread Group 1-17
2024-11-17 18:53:07,239 INFO o.a.j.t.JMeterThread: Thread is done: Thread Group 1-18
2024-11-17 18:53:07,240 INFO o.a.j.t.JMeterThread: Thread finished: Thread Group 1-18
2024-11-17 18:53:08,735 INFO o.a.j.t.JMeterThread: Thread is done: Thread Group 1-19
2024-11-17 18:53:08,735 INFO o.a.j.t.JMeterThread: Thread finished: Thread Group 1-19
2024-11-17 18:53:10,232 INFO o.a.j.t.JMeterThread: Thread is done: Thread Group 1-20
2024-11-17 18:53:10,232 INFO o.a.j.t.JMeterThread: Thread finished: Thread Group 1-20
2024-11-17 18:53:11,734 INFO o.a.j.t.JMeterThread: Thread is done: Thread Group 1-21
2024-11-17 18:53:11,734 INFO o.a.j.t.JMeterThread: Thread finished: Thread Group 1-21
2024-11-17 18:53:13,232 INFO o.a.j.t.JMeterThread: Thread is done: Thread Group 1-22
2024-11-17 18:53:13,232 INFO o.a.j.t.JMeterThread: Thread finished: Thread Group 1-22
2024-11-17 18:53:14,730 INFO o.a.j.t.JMeterThread: Thread is done: Thread Group 1-23
2024-11-17 18:53:14,730 INFO o.a.j.t.JMeterThread: Thread finished: Thread Group 1-23
2024-11-17 18:53:16,231 INFO o.a.j.t.JMeterThread: Thread is done: Thread Group 1-24
2024-11-17 18:53:16,231 INFO o.a.j.t.JMeterThread: Thread finished: Thread Group 1-24
2024-11-17 18:53:17,727 INFO o.a.j.t.JMeterThread: Thread is done: Thread Group 1-25
2024-11-17 18:53:17,727 INFO o.a.j.t.JMeterThread: Thread finished: Thread Group 1-25
2024-11-17 18:53:19,233 INFO o.a.j.t.JMeterThread: Thread is done: Thread Group 1-26
2024-11-17 18:53:19,233 INFO o.a.j.t.JMeterThread: Thread finished: Thread Group 1-26
2024-11-17 18:53:20,728 INFO o.a.j.t.JMeterThread: Thread is done: Thread Group 1-27
2024-11-17 18:53:20,728 INFO o.a.j.t.JMeterThread: Thread finished: Thread Group 1-27
2024-11-17 18:53:22,230 INFO o.a.j.t.JMeterThread: Thread is done: Thread Group 1-28
2024-11-17 18:53:22,230 INFO o.a.j.t.JMeterThread: Thread finished: Thread Group 1-28
2024-11-17 18:53:23,735 INFO o.a.j.t.JMeterThread: Thread is done: Thread Group 1-29
2024-11-17 18:53:23,735 INFO o.a.j.t.JMeterThread: Thread finished: Thread Group 1-29
2024-11-17 18:53:25,232 INFO o.a.j.t.JMeterThread: Thread is done: Thread Group 1-30
2024-11-17 18:53:25,232 INFO o.a.j.t.JMeterThread: Thread finished: Thread Group 1-30
2024-11-17 18:53:26,730 INFO o.a.j.t.JMeterThread: Thread is done: Thread Group 1-31
2024-11-17 18:53:26,730 INFO o.a.j.t.JMeterThread: Thread finished: Thread Group 1-31
2024-11-17 18:53:28,239 INFO o.a.j.t.JMeterThread: Thread is done: Thread Group 1-32
2024-11-17 18:53:28,240 INFO o.a.j.t.JMeterThread: Thread finished: Thread Group 1-32
2024-11-17 18:53:29,731 INFO o.a.j.t.JMeterThread: Thread is done: Thread Group 1-33
2024-11-17 18:53:29,731 INFO o.a.j.t.JMeterThread: Thread finished: Thread Group 1-33
2024-11-17 18:53:31,235 INFO o.a.j.t.JMeterThread: Thread is done: Thread Group 1-34
2024-11-17 18:53:31,235 INFO o.a.j.t.JMeterThread: Thread finished: Thread Group 1-34
2024-11-17 18:53:32,728 INFO o.a.j.t.JMeterThread: Thread is done: Thread Group 1-35
2024-11-17 18:53:32,729 INFO o.a.j.t.JMeterThread: Thread finished: Thread Group 1-35
2024-11-17 18:53:34,244 INFO o.a.j.t.JMeterThread: Thread is done: Thread Group 1-36
2024-11-17 18:53:34,244 INFO o.a.j.t.JMeterThread: Thread finished: Thread Group 1-36
2024-11-17 18:53:35,729 INFO o.a.j.t.JMeterThread: Thread is done: Thread Group 1-37
2024-11-17 18:53:35,729 INFO o.a.j.t.JMeterThread: Thread finished: Thread Group 1-37
2024-11-17 18:53:37,233 INFO o.a.j.t.JMeterThread: Thread is done: Thread Group 1-38
2024-11-17 18:53:37,233 INFO o.a.j.t.JMeterThread: Thread finished: Thread Group 1-38
2024-11-17 18:53:38,728 INFO o.a.j.t.JMeterThread: Thread is done: Thread Group 1-39
2024-11-17 18:53:38,729 INFO o.a.j.t.JMeterThread: Thread finished: Thread Group 1-39
2024-11-17 18:53:40,235 INFO o.a.j.t.JMeterThread: Thread is done: Thread Group 1-40
2024-11-17 18:53:40,235 INFO o.a.j.t.JMeterThread: Thread finished: Thread Group 1-40
2024-11-17 18:53:41,784 INFO o.a.j.t.JMeterThread: Thread is done: Thread Group 1-41
2024-11-17 18:53:41,784 INFO o.a.j.t.JMeterThread: Thread finished: Thread Group 1-41
2024-11-17 18:53:43,301 INFO o.a.j.t.JMeterThread: Thread is done: Thread Group 1-42
2024-11-17 18:53:43,301 INFO o.a.j.t.JMeterThread: Thread finished: Thread Group 1-42
2024-11-17 18:53:44,764 INFO o.a.j.t.JMeterThread: Thread is done: Thread Group 1-43
2024-11-17 18:53:44,764 INFO o.a.j.t.JMeterThread: Thread finished: Thread Group 1-43
2024-11-17 18:53:46,234 INFO o.a.j.t.JMeterThread: Thread is done: Thread Group 1-44
2024-11-17 18:53:46,234 INFO o.a.j.t.JMeterThread: Thread finished: Thread Group 1-44
2024-11-17 18:53:47,735 INFO o.a.j.t.JMeterThread: Thread is done: Thread Group 1-45
2024-11-17 18:53:47,735 INFO o.a.j.t.JMeterThread: Thread finished: Thread Group 1-45
2024-11-17 18:53:49,261 INFO o.a.j.t.JMeterThread: Thread is done: Thread Group 1-46
2024-11-17 18:53:49,262 INFO o.a.j.t.JMeterThread: Thread finished: Thread Group 1-46
2024-11-17 18:53:50,739 INFO o.a.j.t.JMeterThread: Thread is done: Thread Group 1-47
2024-11-17 18:53:50,739 INFO o.a.j.t.JMeterThread: Thread finished: Thread Group 1-47
2024-11-17 18:53:52,234 INFO o.a.j.t.JMeterThread: Thread is done: Thread Group 1-48
2024-11-17 18:53:52,235 INFO o.a.j.t.JMeterThread: Thread finished: Thread Group 1-48
2024-11-17 18:53:53,763 INFO o.a.j.t.JMeterThread: Thread is done: Thread Group 1-49
2024-11-17 18:53:53,763 INFO o.a.j.t.JMeterThread: Thread finished: Thread Group 1-49
2024-11-17 18:53:55,235 INFO o.a.j.t.JMeterThread: Thread is done: Thread Group 1-50
2024-11-17 18:53:55,235 INFO o.a.j.t.JMeterThread: Thread finished: Thread Group 1-50
2024-11-17 18:53:56,733 INFO o.a.j.t.JMeterThread: Thread is done: Thread Group 1-51
2024-11-17 18:53:56,733 INFO o.a.j.t.JMeterThread: Thread finished: Thread Group 1-51
2024-11-17 18:53:58,234 INFO o.a.j.t.JMeterThread: Thread is done: Thread Group 1-52
2024-11-17 18:53:58,234 INFO o.a.j.t.JMeterThread: Thread finished: Thread Group 1-52
2024-11-17 18:53:59,733 INFO o.a.j.t.JMeterThread: Thread is done: Thread Group 1-53
2024-11-17 18:53:59,733 INFO o.a.j.t.JMeterThread: Thread finished: Thread Group 1-53
2024-11-17 18:54:01,243 INFO o.a.j.t.JMeterThread: Thread is done: Thread Group 1-54
2024-11-17 18:54:01,244 INFO o.a.j.t.JMeterThread: Thread finished: Thread Group 1-54
2024-11-17 18:54:02,762 INFO o.a.j.t.JMeterThread: Thread is done: Thread Group 1-55
2024-11-17 18:54:02,763 INFO o.a.j.t.JMeterThread: Thread finished: Thread Group 1-55
2024-11-17 18:54:04,235 INFO o.a.j.t.JMeterThread: Thread is done: Thread Group 1-56
2024-11-17 18:54:04,235 INFO o.a.j.t.JMeterThread: Thread finished: Thread Group 1-56
2024-11-17 18:54:05,740 INFO o.a.j.t.JMeterThread: Thread is done: Thread Group 1-57
2024-11-17 18:54:05,740 INFO o.a.j.t.JMeterThread: Thread finished: Thread Group 1-57
2024-11-17 18:54:07,240 INFO o.a.j.t.JMeterThread: Thread is done: Thread Group 1-58
2024-11-17 18:54:07,240 INFO o.a.j.t.JMeterThread: Thread finished: Thread Group 1-58
2024-11-17 18:54:08,732 INFO o.a.j.t.JMeterThread: Thread is done: Thread Group 1-59
2024-11-17 18:54:08,732 INFO o.a.j.t.JMeterThread: Thread finished: Thread Group 1-59
2024-11-17 18:54:10,245 INFO o.a.j.t.JMeterThread: Thread is done: Thread Group 1-60
2024-11-17 18:54:10,245 INFO o.a.j.t.JMeterThread: Thread finished: Thread Group 1-60
2024-11-17 18:54:11,738 INFO o.a.j.t.JMeterThread: Thread is done: Thread Group 1-61
2024-11-17 18:54:11,738 INFO o.a.j.t.JMeterThread: Thread finished: Thread Group 1-61
2024-11-17 18:54:13,244 INFO o.a.j.t.JMeterThread: Thread is done: Thread Group 1-62
2024-11-17 18:54:13,244 INFO o.a.j.t.JMeterThread: Thread finished: Thread Group 1-62
2024-11-17 18:54:14,734 INFO o.a.j.t.JMeterThread: Thread is done: Thread Group 1-63
2024-11-17 18:54:14,734 INFO o.a.j.t.JMeterThread: Thread finished: Thread Group 1-63
2024-11-17 18:54:16,240 INFO o.a.j.t.JMeterThread: Thread is done: Thread Group 1-64
2024-11-17 18:54:16,241 INFO o.a.j.t.JMeterThread: Thread finished: Thread Group 1-64
2024-11-17 18:54:17,734 INFO o.a.j.t.JMeterThread: Thread is done: Thread Group 1-65
2024-11-17 18:54:17,734 INFO o.a.j.t.JMeterThread: Thread finished: Thread Group 1-65
2024-11-17 18:54:19,234 INFO o.a.j.t.JMeterThread: Thread is done: Thread Group 1-66
2024-11-17 18:54:19,234 INFO o.a.j.t.JMeterThread: Thread finished: Thread Group 1-66
2024-11-17 18:54:20,738 INFO o.a.j.t.JMeterThread: Thread is done: Thread Group 1-67
2024-11-17 18:54:20,738 INFO o.a.j.t.JMeterThread: Thread finished: Thread Group 1-67
2024-11-17 18:54:22,244 INFO o.a.j.t.JMeterThread: Thread is done: Thread Group 1-68
2024-11-17 18:54:22,244 INFO o.a.j.t.JMeterThread: Thread finished: Thread Group 1-68
2024-11-17 18:54:23,735 INFO o.a.j.t.JMeterThread: Thread is done: Thread Group 1-69
2024-11-17 18:54:23,736 INFO o.a.j.t.JMeterThread: Thread finished: Thread Group 1-69
2024-11-17 18:54:25,238 INFO o.a.j.t.JMeterThread: Thread is done: Thread Group 1-70
2024-11-17 18:54:25,239 INFO o.a.j.t.JMeterThread: Thread finished: Thread Group 1-70
2024-11-17 18:54:26,736 INFO o.a.j.t.JMeterThread: Thread is done: Thread Group 1-71
2024-11-17 18:54:26,736 INFO o.a.j.t.JMeterThread: Thread finished: Thread Group 1-71
2024-11-17 18:54:28,245 INFO o.a.j.t.JMeterThread: Thread is done: Thread Group 1-72
2024-11-17 18:54:28,245 INFO o.a.j.t.JMeterThread: Thread finished: Thread Group 1-72
2024-11-17 18:54:29,735 INFO o.a.j.t.JMeterThread: Thread is done: Thread Group 1-73
2024-11-17 18:54:29,735 INFO o.a.j.t.JMeterThread: Thread finished: Thread Group 1-73
2024-11-17 18:54:31,243 INFO o.a.j.t.JMeterThread: Thread is done: Thread Group 1-74
2024-11-17 18:54:31,243 INFO o.a.j.t.JMeterThread: Thread finished: Thread Group 1-74
2024-11-17 18:54:32,758 INFO o.a.j.t.JMeterThread: Thread is done: Thread Group 1-75
2024-11-17 18:54:32,758 INFO o.a.j.t.JMeterThread: Thread finished: Thread Group 1-75
2024-11-17 18:54:34,244 INFO o.a.j.t.JMeterThread: Thread is done: Thread Group 1-76
2024-11-17 18:54:34,244 INFO o.a.j.t.JMeterThread: Thread finished: Thread Group 1-76
2024-11-17 18:54:35,738 INFO o.a.j.t.JMeterThread: Thread is done: Thread Group 1-77
2024-11-17 18:54:35,738 INFO o.a.j.t.JMeterThread: Thread finished: Thread Group 1-77
2024-11-17 18:54:37,243 INFO o.a.j.t.JMeterThread: Thread is done: Thread Group 1-78
2024-11-17 18:54:37,243 INFO o.a.j.t.JMeterThread: Thread finished: Thread Group 1-78
2024-11-17 18:54:38,737 INFO o.a.j.t.JMeterThread: Thread is done: Thread Group 1-79
2024-11-17 18:54:38,737 INFO o.a.j.t.JMeterThread: Thread finished: Thread Group 1-79
2024-11-17 18:54:40,243 INFO o.a.j.t.JMeterThread: Thread is done: Thread Group 1-80
2024-11-17 18:54:40,243 INFO o.a.j.t.JMeterThread: Thread finished: Thread Group 1-80
2024-11-17 18:54:41,740 INFO o.a.j.t.JMeterThread: Thread is done: Thread Group 1-81
2024-11-17 18:54:41,740 INFO o.a.j.t.JMeterThread: Thread finished: Thread Group 1-81
2024-11-17 18:54:43,244 INFO o.a.j.t.JMeterThread: Thread is done: Thread Group 1-82
2024-11-17 18:54:43,245 INFO o.a.j.t.JMeterThread: Thread finished: Thread Group 1-82
2024-11-17 18:54:44,739 INFO o.a.j.t.JMeterThread: Thread is done: Thread Group 1-83
2024-11-17 18:54:44,739 INFO o.a.j.t.JMeterThread: Thread finished: Thread Group 1-83
2024-11-17 18:54:46,246 INFO o.a.j.t.JMeterThread: Thread is done: Thread Group 1-84
2024-11-17 18:54:46,246 INFO o.a.j.t.JMeterThread: Thread finished: Thread Group 1-84
2024-11-17 18:54:47,743 INFO o.a.j.t.JMeterThread: Thread is done: Thread Group 1-85
2024-11-17 18:54:47,743 INFO o.a.j.t.JMeterThread: Thread finished: Thread Group 1-85
2024-11-17 18:54:49,246 INFO o.a.j.t.JMeterThread: Thread is done: Thread Group 1-86
2024-11-17 18:54:49,246 INFO o.a.j.t.JMeterThread: Thread finished: Thread Group 1-86
2024-11-17 18:54:50,739 INFO o.a.j.t.JMeterThread: Thread is done: Thread Group 1-87
2024-11-17 18:54:50,739 INFO o.a.j.t.JMeterThread: Thread finished: Thread Group 1-87
2024-11-17 18:54:52,248 INFO o.a.j.t.JMeterThread: Thread is done: Thread Group 1-88
2024-11-17 18:54:52,248 INFO o.a.j.t.JMeterThread: Thread finished: Thread Group 1-88
2024-11-17 18:54:53,742 INFO o.a.j.t.JMeterThread: Thread is done: Thread Group 1-89
2024-11-17 18:54:53,742 INFO o.a.j.t.JMeterThread: Thread finished: Thread Group 1-89
2024-11-17 18:54:55,246 INFO o.a.j.t.JMeterThread: Thread is done: Thread Group 1-90
2024-11-17 18:54:55,246 INFO o.a.j.t.JMeterThread: Thread finished: Thread Group 1-90
2024-11-17 18:54:56,747 INFO o.a.j.t.JMeterThread: Thread is done: Thread Group 1-91
2024-11-17 18:54:56,747 INFO o.a.j.t.JMeterThread: Thread finished: Thread Group 1-91
2024-11-17 18:54:58,244 INFO o.a.j.t.JMeterThread: Thread is done: Thread Group 1-92
2024-11-17 18:54:58,244 INFO o.a.j.t.JMeterThread: Thread finished: Thread Group 1-92
2024-11-17 18:54:59,742 INFO o.a.j.t.JMeterThread: Thread is done: Thread Group 1-93
2024-11-17 18:54:59,742 INFO o.a.j.t.JMeterThread: Thread finished: Thread Group 1-93
2024-11-17 18:55:01,248 INFO o.a.j.t.JMeterThread: Thread is done: Thread Group 1-94
2024-11-17 18:55:01,248 INFO o.a.j.t.JMeterThread: Thread finished: Thread Group 1-94
2024-11-17 18:55:02,747 INFO o.a.j.t.JMeterThread: Thread is done: Thread Group 1-95
2024-11-17 18:55:02,748 INFO o.a.j.t.JMeterThread: Thread finished: Thread Group 1-95
2024-11-17 18:55:04,245 INFO o.a.j.t.JMeterThread: Thread is done: Thread Group 1-96
2024-11-17 18:55:04,245 INFO o.a.j.t.JMeterThread: Thread finished: Thread Group 1-96
2024-11-17 18:55:05,742 INFO o.a.j.t.JMeterThread: Thread is done: Thread Group 1-97
2024-11-17 18:55:05,742 INFO o.a.j.t.JMeterThread: Thread finished: Thread Group 1-97
2024-11-17 18:55:07,247 INFO o.a.j.t.JMeterThread: Thread is done: Thread Group 1-98
2024-11-17 18:55:07,247 INFO o.a.j.t.JMeterThread: Thread finished: Thread Group 1-98
2024-11-17 18:55:08,743 INFO o.a.j.t.JMeterThread: Thread is done: Thread Group 1-99
2024-11-17 18:55:08,743 INFO o.a.j.t.JMeterThread: Thread finished: Thread Group 1-99
2024-11-17 18:55:10,245 INFO o.a.j.t.JMeterThread: Thread is done: Thread Group 1-100
2024-11-17 18:55:10,245 INFO o.a.j.t.JMeterThread: Thread finished: Thread Group 1-100
2024-11-17 18:55:10,245 INFO o.a.j.e.StandardJMeterEngine: Notifying test listeners of end of test
2024-11-17 18:55:10,245 INFO o.a.j.g.u.JMeterMenuBar: setRunning(false, *local*)
2024-11-17 18:59:53,244 INFO o.a.j.e.StandardJMeterEngine: Running the test!
2024-11-17 18:59:53,244 INFO o.a.j.s.SampleEvent: List of sample_variables: []
2024-11-17 18:59:53,246 INFO o.a.j.g.u.JMeterMenuBar: setRunning(true, *local*)
2024-11-17 18:59:53,542 INFO o.a.j.e.StandardJMeterEngine: Starting ThreadGroup: 1 : Thread Group
2024-11-17 18:59:53,542 INFO o.a.j.e.StandardJMeterEngine: Starting 100 threads for group Thread Group.
2024-11-17 18:59:53,542 INFO o.a.j.e.StandardJMeterEngine: Thread will continue on error
2024-11-17 18:59:53,542 INFO o.a.j.t.ThreadGroup: Starting thread group... number=1 threads=100 ramp-up=150 delayedStart=false
2024-11-17 18:59:53,550 INFO o.a.j.t.JMeterThread: Thread started: Thread Group 1-1
2024-11-17 18:59:53,581 INFO o.a.j.t.ThreadGroup: Started thread group number 1
2024-11-17 18:59:53,581 INFO o.a.j.e.StandardJMeterEngine: All thread groups have been started
2024-11-17 18:59:55,073 INFO o.a.j.t.JMeterThread: Thread started: Thread Group 1-2
2024-11-17 18:59:56,574 INFO o.a.j.t.JMeterThread: Thread started: Thread Group 1-3
2024-11-17 18:59:58,077 INFO o.a.j.t.JMeterThread: Thread started: Thread Group 1-4
2024-11-17 18:59:59,576 INFO o.a.j.t.JMeterThread: Thread started: Thread Group 1-5
2024-11-17 19:00:01,080 INFO o.a.j.t.JMeterThread: Thread started: Thread Group 1-6
2024-11-17 19:00:02,603 INFO o.a.j.t.JMeterThread: Thread started: Thread Group 1-7
2024-11-17 19:00:04,081 INFO o.a.j.t.JMeterThread: Thread started: Thread Group 1-8
2024-11-17 19:00:05,578 INFO o.a.j.t.JMeterThread: Thread started: Thread Group 1-9
2024-11-17 19:00:07,078 INFO o.a.j.t.JMeterThread: Thread started: Thread Group 1-10
2024-11-17 19:00:08,577 INFO o.a.j.t.JMeterThread: Thread started: Thread Group 1-11
2024-11-17 19:00:10,072 INFO o.a.j.t.JMeterThread: Thread started: Thread Group 1-12
2024-11-17 19:00:11,575 INFO o.a.j.t.JMeterThread: Thread started: Thread Group 1-13
2024-11-17 19:00:13,076 INFO o.a.j.t.JMeterThread: Thread started: Thread Group 1-14
2024-11-17 19:00:14,575 INFO o.a.j.t.JMeterThread: Thread started: Thread Group 1-15
2024-11-17 19:00:16,092 INFO o.a.j.t.JMeterThread: Thread started: Thread Group 1-16
2024-11-17 19:00:17,575 INFO o.a.j.t.JMeterThread: Thread started: Thread Group 1-17
2024-11-17 19:00:19,075 INFO o.a.j.t.JMeterThread: Thread started: Thread Group 1-18
2024-11-17 19:00:20,576 INFO o.a.j.t.JMeterThread: Thread started: Thread Group 1-19
2024-11-17 19:00:22,075 INFO o.a.j.t.JMeterThread: Thread started: Thread Group 1-20
2024-11-17 19:00:23,575 INFO o.a.j.t.JMeterThread: Thread started: Thread Group 1-21
2024-11-17 19:00:25,075 INFO o.a.j.t.JMeterThread: Thread started: Thread Group 1-22
2024-11-17 19:00:26,575 INFO o.a.j.t.JMeterThread: Thread started: Thread Group 1-23
2024-11-17 19:00:28,076 INFO o.a.j.t.JMeterThread: Thread started: Thread Group 1-24
2024-11-17 19:00:29,574 INFO o.a.j.t.JMeterThread: Thread started: Thread Group 1-25
2024-11-17 19:00:31,075 INFO o.a.j.t.JMeterThread: Thread started: Thread Group 1-26
2024-11-17 19:00:32,574 INFO o.a.j.t.JMeterThread: Thread started: Thread Group 1-27
2024-11-17 19:00:34,075 INFO o.a.j.t.JMeterThread: Thread started: Thread Group 1-28
2024-11-17 19:00:35,574 INFO o.a.j.t.JMeterThread: Thread started: Thread Group 1-29
2024-11-17 19:00:37,074 INFO o.a.j.t.JMeterThread: Thread started: Thread Group 1-30
2024-11-17 19:00:38,576 INFO o.a.j.t.JMeterThread: Thread started: Thread Group 1-31
2024-11-17 19:00:40,075 INFO o.a.j.t.JMeterThread: Thread started: Thread Group 1-32
2024-11-17 19:00:41,575 INFO o.a.j.t.JMeterThread: Thread started: Thread Group 1-33
2024-11-17 19:00:43,074 INFO o.a.j.t.JMeterThread: Thread started: Thread Group 1-34
2024-11-17 19:00:44,575 INFO o.a.j.t.JMeterThread: Thread started: Thread Group 1-35
2024-11-17 19:00:46,075 INFO o.a.j.t.JMeterThread: Thread started: Thread Group 1-36
2024-11-17 19:00:47,575 INFO o.a.j.t.JMeterThread: Thread started: Thread Group 1-37
2024-11-17 19:00:49,076 INFO o.a.j.t.JMeterThread: Thread started: Thread Group 1-38
2024-11-17 19:00:50,574 INFO o.a.j.t.JMeterThread: Thread started: Thread Group 1-39
2024-11-17 19:00:52,073 INFO o.a.j.t.JMeterThread: Thread started: Thread Group 1-40
2024-11-17 19:00:53,571 INFO o.a.j.t.JMeterThread: Thread started: Thread Group 1-41
2024-11-17 19:00:55,072 INFO o.a.j.t.JMeterThread: Thread started: Thread Group 1-42
2024-11-17 19:00:56,572 INFO o.a.j.t.JMeterThread: Thread started: Thread Group 1-43
2024-11-17 19:00:58,072 INFO o.a.j.t.JMeterThread: Thread started: Thread Group 1-44
2024-11-17 19:00:59,572 INFO o.a.j.t.JMeterThread: Thread started: Thread Group 1-45
2024-11-17 19:01:01,071 INFO o.a.j.t.JMeterThread: Thread started: Thread Group 1-46
2024-11-17 19:01:02,571 INFO o.a.j.t.JMeterThread: Thread started: Thread Group 1-47
2024-11-17 19:01:04,071 INFO o.a.j.t.JMeterThread: Thread started: Thread Group 1-48
2024-11-17 19:01:05,571 INFO o.a.j.t.JMeterThread: Thread started: Thread Group 1-49
2024-11-17 19:01:07,065 INFO o.a.j.t.JMeterThread: Thread started: Thread Group 1-50
2024-11-17 19:01:08,566 INFO o.a.j.t.JMeterThread: Thread started: Thread Group 1-51
2024-11-17 19:01:10,065 INFO o.a.j.t.JMeterThread: Thread started: Thread Group 1-52
2024-11-17 19:01:11,565 INFO o.a.j.t.JMeterThread: Thread started: Thread Group 1-53
2024-11-17 19:01:13,067 INFO o.a.j.t.JMeterThread: Thread started: Thread Group 1-54
2024-11-17 19:01:14,565 INFO o.a.j.t.JMeterThread: Thread started: Thread Group 1-55
2024-11-17 19:01:16,069 INFO o.a.j.t.JMeterThread: Thread started: Thread Group 1-56
2024-11-17 19:01:17,572 INFO o.a.j.t.JMeterThread: Thread started: Thread Group 1-57
2024-11-17 19:01:19,071 INFO o.a.j.t.JMeterThread: Thread started: Thread Group 1-58
2024-11-17 19:01:20,572 INFO o.a.j.t.JMeterThread: Thread started: Thread Group 1-59
2024-11-17 19:01:22,073 INFO o.a.j.t.JMeterThread: Thread started: Thread Group 1-60
2024-11-17 19:01:23,573 INFO o.a.j.t.JMeterThread: Thread started: Thread Group 1-61
2024-11-17 19:01:25,072 INFO o.a.j.t.JMeterThread: Thread started: Thread Group 1-62
2024-11-17 19:01:26,572 INFO o.a.j.t.JMeterThread: Thread started: Thread Group 1-63
2024-11-17 19:01:28,073 INFO o.a.j.t.JMeterThread: Thread started: Thread Group 1-64
2024-11-17 19:01:29,572 INFO o.a.j.t.JMeterThread: Thread started: Thread Group 1-65
2024-11-17 19:01:31,073 INFO o.a.j.t.JMeterThread: Thread started: Thread Group 1-66
2024-11-17 19:01:32,573 INFO o.a.j.t.JMeterThread: Thread started: Thread Group 1-67
2024-11-17 19:01:34,071 INFO o.a.j.t.JMeterThread: Thread started: Thread Group 1-68
2024-11-17 19:01:35,572 INFO o.a.j.t.JMeterThread: Thread started: Thread Group 1-69
2024-11-17 19:01:37,071 INFO o.a.j.t.JMeterThread: Thread started: Thread Group 1-70
2024-11-17 19:01:38,573 INFO o.a.j.t.JMeterThread: Thread started: Thread Group 1-71
2024-11-17 19:01:40,073 INFO o.a.j.t.JMeterThread: Thread started: Thread Group 1-72
2024-11-17 19:01:41,571 INFO o.a.j.t.JMeterThread: Thread started: Thread Group 1-73
2024-11-17 19:01:43,073 INFO o.a.j.t.JMeterThread: Thread started: Thread Group 1-74
2024-11-17 19:01:44,571 INFO o.a.j.t.JMeterThread: Thread started: Thread Group 1-75
2024-11-17 19:01:46,072 INFO o.a.j.t.JMeterThread: Thread started: Thread Group 1-76
2024-11-17 19:01:47,572 INFO o.a.j.t.JMeterThread: Thread started: Thread Group 1-77
2024-11-17 19:01:49,070 INFO o.a.j.t.JMeterThread: Thread started: Thread Group 1-78
2024-11-17 19:01:50,570 INFO o.a.j.t.JMeterThread: Thread started: Thread Group 1-79
2024-11-17 19:01:52,070 INFO o.a.j.t.JMeterThread: Thread started: Thread Group 1-80
2024-11-17 19:01:53,548 INFO o.a.j.t.JMeterThread: Thread started: Thread Group 1-81
2024-11-17 19:01:55,050 INFO o.a.j.t.JMeterThread: Thread started: Thread Group 1-82
2024-11-17 19:01:56,550 INFO o.a.j.t.JMeterThread: Thread started: Thread Group 1-83
2024-11-17 19:01:58,053 INFO o.a.j.t.JMeterThread: Thread started: Thread Group 1-84
2024-11-17 19:01:59,570 INFO o.a.j.t.JMeterThread: Thread started: Thread Group 1-85
2024-11-17 19:02:01,055 INFO o.a.j.t.JMeterThread: Thread started: Thread Group 1-86
2024-11-17 19:02:02,547 INFO o.a.j.t.JMeterThread: Thread started: Thread Group 1-87
2024-11-17 19:02:04,073 INFO o.a.j.t.JMeterThread: Thread started: Thread Group 1-88
2024-11-17 19:02:05,574 INFO o.a.j.t.JMeterThread: Thread started: Thread Group 1-89
2024-11-17 19:02:07,064 INFO o.a.j.t.JMeterThread: Thread started: Thread Group 1-90
2024-11-17 19:02:08,574 INFO o.a.j.t.JMeterThread: Thread started: Thread Group 1-91
2024-11-17 19:02:10,073 INFO o.a.j.t.JMeterThread: Thread started: Thread Group 1-92
2024-11-17 19:02:11,573 INFO o.a.j.t.JMeterThread: Thread started: Thread Group 1-93
2024-11-17 19:02:13,075 INFO o.a.j.t.JMeterThread: Thread started: Thread Group 1-94
2024-11-17 19:02:14,573 INFO o.a.j.t.JMeterThread: Thread started: Thread Group 1-95
2024-11-17 19:02:16,073 INFO o.a.j.t.JMeterThread: Thread started: Thread Group 1-96
2024-11-17 19:02:17,574 INFO o.a.j.t.JMeterThread: Thread started: Thread Group 1-97
2024-11-17 19:02:19,073 INFO o.a.j.t.JMeterThread: Thread started: Thread Group 1-98
2024-11-17 19:02:20,564 INFO o.a.j.t.JMeterThread: Thread started: Thread Group 1-99
2024-11-17 19:02:22,064 INFO o.a.j.t.JMeterThread: Thread started: Thread Group 1-100
2024-11-17 19:13:12,137 INFO o.a.j.t.JMeterThread: Thread is done: Thread Group 1-1
2024-11-17 19:13:12,137 INFO o.a.j.t.JMeterThread: Thread finished: Thread Group 1-1
2024-11-17 19:13:13,277 INFO o.a.j.t.JMeterThread: Thread is done: Thread Group 1-2
2024-11-17 19:13:13,277 INFO o.a.j.t.JMeterThread: Thread finished: Thread Group 1-2
2024-11-17 19:13:14,902 INFO o.a.j.t.JMeterThread: Thread is done: Thread Group 1-3
2024-11-17 19:13:14,902 INFO o.a.j.t.JMeterThread: Thread finished: Thread Group 1-3
2024-11-17 19:13:16,402 INFO o.a.j.t.JMeterThread: Thread is done: Thread Group 1-4
2024-11-17 19:13:16,403 INFO o.a.j.t.JMeterThread: Thread finished: Thread Group 1-4
2024-11-17 19:13:18,040 INFO o.a.j.t.JMeterThread: Thread is done: Thread Group 1-5
2024-11-17 19:13:18,040 INFO o.a.j.t.JMeterThread: Thread finished: Thread Group 1-5
2024-11-17 19:13:19,364 INFO o.a.j.t.JMeterThread: Thread is done: Thread Group 1-6
2024-11-17 19:13:19,364 INFO o.a.j.t.JMeterThread: Thread finished: Thread Group 1-6
2024-11-17 19:13:21,061 INFO o.a.j.t.JMeterThread: Thread is done: Thread Group 1-7
2024-11-17 19:13:21,061 INFO o.a.j.t.JMeterThread: Thread finished: Thread Group 1-7
2024-11-17 19:13:22,400 INFO o.a.j.t.JMeterThread: Thread is done: Thread Group 1-8
2024-11-17 19:13:22,401 INFO o.a.j.t.JMeterThread: Thread finished: Thread Group 1-8
2024-11-17 19:13:24,097 INFO o.a.j.t.JMeterThread: Thread is done: Thread Group 1-9
2024-11-17 19:13:24,097 INFO o.a.j.t.JMeterThread: Thread finished: Thread Group 1-9
2024-11-17 19:13:25,500 INFO o.a.j.t.JMeterThread: Thread is done: Thread Group 1-10
2024-11-17 19:13:25,500 INFO o.a.j.t.JMeterThread: Thread finished: Thread Group 1-10
2024-11-17 19:13:27,273 INFO o.a.j.t.JMeterThread: Thread is done: Thread Group 1-11
2024-11-17 19:13:27,273 INFO o.a.j.t.JMeterThread: Thread finished: Thread Group 1-11
2024-11-17 19:13:28,561 INFO o.a.j.t.JMeterThread: Thread is done: Thread Group 1-12
2024-11-17 19:13:28,561 INFO o.a.j.t.JMeterThread: Thread finished: Thread Group 1-12
2024-11-17 19:13:29,895 INFO o.a.j.t.JMeterThread: Thread is done: Thread Group 1-13
2024-11-17 19:13:29,895 INFO o.a.j.t.JMeterThread: Thread finished: Thread Group 1-13
2024-11-17 19:13:31,236 INFO o.a.j.t.JMeterThread: Thread is done: Thread Group 1-14
2024-11-17 19:13:31,236 INFO o.a.j.t.JMeterThread: Thread finished: Thread Group 1-14
2024-11-17 19:13:33,232 INFO o.a.j.t.JMeterThread: Thread is done: Thread Group 1-15
2024-11-17 19:13:33,232 INFO o.a.j.t.JMeterThread: Thread finished: Thread Group 1-15
2024-11-17 19:13:34,360 INFO o.a.j.t.JMeterThread: Thread is done: Thread Group 1-16
2024-11-17 19:13:34,360 INFO o.a.j.t.JMeterThread: Thread finished: Thread Group 1-16
2024-11-17 19:13:35,945 INFO o.a.j.t.JMeterThread: Thread is done: Thread Group 1-17
2024-11-17 19:13:35,946 INFO o.a.j.t.JMeterThread: Thread finished: Thread Group 1-17
2024-11-17 19:13:37,555 INFO o.a.j.t.JMeterThread: Thread is done: Thread Group 1-18
2024-11-17 19:13:37,555 INFO o.a.j.t.JMeterThread: Thread finished: Thread Group 1-18
2024-11-17 19:13:38,797 INFO o.a.j.t.JMeterThread: Thread is done: Thread Group 1-19
2024-11-17 19:13:38,797 INFO o.a.j.t.JMeterThread: Thread finished: Thread Group 1-19
2024-11-17 19:13:40,449 INFO o.a.j.t.JMeterThread: Thread is done: Thread Group 1-20
2024-11-17 19:13:40,449 INFO o.a.j.t.JMeterThread: Thread finished: Thread Group 1-20
2024-11-17 19:13:41,951 INFO o.a.j.t.JMeterThread: Thread is done: Thread Group 1-21
2024-11-17 19:13:41,951 INFO o.a.j.t.JMeterThread: Thread finished: Thread Group 1-21
2024-11-17 19:13:43,578 INFO o.a.j.t.JMeterThread: Thread is done: Thread Group 1-22
2024-11-17 19:13:43,578 INFO o.a.j.t.JMeterThread: Thread finished: Thread Group 1-22
2024-11-17 19:13:44,768 INFO o.a.j.t.JMeterThread: Thread is done: Thread Group 1-23
2024-11-17 19:13:44,769 INFO o.a.j.t.JMeterThread: Thread finished: Thread Group 1-23
2024-11-17 19:13:46,399 INFO o.a.j.t.JMeterThread: Thread is done: Thread Group 1-24
2024-11-17 19:13:46,399 INFO o.a.j.t.JMeterThread: Thread finished: Thread Group 1-24
2024-11-17 19:13:47,971 INFO o.a.j.t.JMeterThread: Thread is done: Thread Group 1-25
2024-11-17 19:13:47,971 INFO o.a.j.t.JMeterThread: Thread finished: Thread Group 1-25
2024-11-17 19:13:49,582 INFO o.a.j.t.JMeterThread: Thread is done: Thread Group 1-26
2024-11-17 19:13:49,582 INFO o.a.j.t.JMeterThread: Thread finished: Thread Group 1-26
2024-11-17 19:13:50,720 INFO o.a.j.t.JMeterThread: Thread is done: Thread Group 1-27
2024-11-17 19:13:50,720 INFO o.a.j.t.JMeterThread: Thread finished: Thread Group 1-27
2024-11-17 19:13:52,398 INFO o.a.j.t.JMeterThread: Thread is done: Thread Group 1-28
2024-11-17 19:13:52,398 INFO o.a.j.t.JMeterThread: Thread finished: Thread Group 1-28
2024-11-17 19:13:53,750 INFO o.a.j.t.JMeterThread: Thread is done: Thread Group 1-29
2024-11-17 19:13:53,750 INFO o.a.j.t.JMeterThread: Thread finished: Thread Group 1-29
2024-11-17 19:13:55,562 INFO o.a.j.t.JMeterThread: Thread is done: Thread Group 1-30
2024-11-17 19:13:55,562 INFO o.a.j.t.JMeterThread: Thread finished: Thread Group 1-30
2024-11-17 19:13:56,762 INFO o.a.j.t.JMeterThread: Thread is done: Thread Group 1-31
2024-11-17 19:13:56,762 INFO o.a.j.t.JMeterThread: Thread finished: Thread Group 1-31
2024-11-17 19:13:58,360 INFO o.a.j.t.JMeterThread: Thread is done: Thread Group 1-32
2024-11-17 19:13:58,360 INFO o.a.j.t.JMeterThread: Thread finished: Thread Group 1-32
2024-11-17 19:14:00,291 INFO o.a.j.t.JMeterThread: Thread is done: Thread Group 1-33
2024-11-17 19:14:00,292 INFO o.a.j.t.JMeterThread: Thread finished: Thread Group 1-33
2024-11-17 19:14:01,360 INFO o.a.j.t.JMeterThread: Thread is done: Thread Group 1-34
2024-11-17 19:14:01,360 INFO o.a.j.t.JMeterThread: Thread finished: Thread Group 1-34
2024-11-17 19:14:02,762 INFO o.a.j.t.JMeterThread: Thread is done: Thread Group 1-35
2024-11-17 19:14:02,762 INFO o.a.j.t.JMeterThread: Thread finished: Thread Group 1-35
2024-11-17 19:14:04,584 INFO o.a.j.t.JMeterThread: Thread is done: Thread Group 1-36
2024-11-17 19:14:04,584 INFO o.a.j.t.JMeterThread: Thread finished: Thread Group 1-36
2024-11-17 19:14:05,736 INFO o.a.j.t.JMeterThread: Thread is done: Thread Group 1-37
2024-11-17 19:14:05,736 INFO o.a.j.t.JMeterThread: Thread finished: Thread Group 1-37
2024-11-17 19:14:07,829 INFO o.a.j.t.JMeterThread: Thread is done: Thread Group 1-38
2024-11-17 19:14:07,829 INFO o.a.j.t.JMeterThread: Thread finished: Thread Group 1-38
2024-11-17 19:14:08,986 INFO o.a.j.t.JMeterThread: Thread is done: Thread Group 1-39
2024-11-17 19:14:08,986 INFO o.a.j.t.JMeterThread: Thread finished: Thread Group 1-39
2024-11-17 19:14:10,461 INFO o.a.j.t.JMeterThread: Thread is done: Thread Group 1-40
2024-11-17 19:14:10,461 INFO o.a.j.t.JMeterThread: Thread finished: Thread Group 1-40
2024-11-17 19:14:12,102 INFO o.a.j.t.JMeterThread: Thread is done: Thread Group 1-41
2024-11-17 19:14:12,102 INFO o.a.j.t.JMeterThread: Thread finished: Thread Group 1-41
2024-11-17 19:14:13,588 INFO o.a.j.t.JMeterThread: Thread is done: Thread Group 1-42
2024-11-17 19:14:13,588 INFO o.a.j.t.JMeterThread: Thread finished: Thread Group 1-42
2024-11-17 19:14:14,733 INFO o.a.j.t.JMeterThread: Thread is done: Thread Group 1-43
2024-11-17 19:14:14,733 INFO o.a.j.t.JMeterThread: Thread finished: Thread Group 1-43
2024-11-17 19:14:16,388 INFO o.a.j.t.JMeterThread: Thread is done: Thread Group 1-44
2024-11-17 19:14:16,388 INFO o.a.j.t.JMeterThread: Thread finished: Thread Group 1-44
2024-11-17 19:14:17,906 INFO o.a.j.t.JMeterThread: Thread is done: Thread Group 1-45
2024-11-17 19:14:17,906 INFO o.a.j.t.JMeterThread: Thread finished: Thread Group 1-45
2024-11-17 19:14:19,356 INFO o.a.j.t.JMeterThread: Thread is done: Thread Group 1-46
2024-11-17 19:14:19,356 INFO o.a.j.t.JMeterThread: Thread finished: Thread Group 1-46
2024-11-17 19:14:21,142 INFO o.a.j.t.JMeterThread: Thread is done: Thread Group 1-47
2024-11-17 19:14:21,142 INFO o.a.j.t.JMeterThread: Thread finished: Thread Group 1-47
2024-11-17 19:14:22,504 INFO o.a.j.t.JMeterThread: Thread is done: Thread Group 1-48
2024-11-17 19:14:22,504 INFO o.a.j.t.JMeterThread: Thread finished: Thread Group 1-48
2024-11-17 19:14:24,017 INFO o.a.j.t.JMeterThread: Thread is done: Thread Group 1-49
2024-11-17 19:14:24,017 INFO o.a.j.t.JMeterThread: Thread finished: Thread Group 1-49
2024-11-17 19:14:25,456 INFO o.a.j.t.JMeterThread: Thread is done: Thread Group 1-50
2024-11-17 19:14:25,456 INFO o.a.j.t.JMeterThread: Thread finished: Thread Group 1-50
2024-11-17 19:14:27,021 INFO o.a.j.t.JMeterThread: Thread is done: Thread Group 1-51
2024-11-17 19:14:27,021 INFO o.a.j.t.JMeterThread: Thread finished: Thread Group 1-51
2024-11-17 19:14:28,363 INFO o.a.j.t.JMeterThread: Thread is done: Thread Group 1-52
2024-11-17 19:14:28,363 INFO o.a.j.t.JMeterThread: Thread finished: Thread Group 1-52
2024-11-17 19:14:30,068 INFO o.a.j.t.JMeterThread: Thread is done: Thread Group 1-53
2024-11-17 19:14:30,068 INFO o.a.j.t.JMeterThread: Thread finished: Thread Group 1-53
2024-11-17 19:14:31,588 INFO o.a.j.t.JMeterThread: Thread is done: Thread Group 1-54
2024-11-17 19:14:31,588 INFO o.a.j.t.JMeterThread: Thread finished: Thread Group 1-54
2024-11-17 19:14:33,053 INFO o.a.j.t.JMeterThread: Thread is done: Thread Group 1-55
2024-11-17 19:14:33,053 INFO o.a.j.t.JMeterThread: Thread finished: Thread Group 1-55
2024-11-17 19:14:34,530 INFO o.a.j.t.JMeterThread: Thread is done: Thread Group 1-56
2024-11-17 19:14:34,530 INFO o.a.j.t.JMeterThread: Thread finished: Thread Group 1-56
2024-11-17 19:14:36,145 INFO o.a.j.t.JMeterThread: Thread is done: Thread Group 1-57
2024-11-17 19:14:36,145 INFO o.a.j.t.JMeterThread: Thread finished: Thread Group 1-57
2024-11-17 19:14:37,289 INFO o.a.j.t.JMeterThread: Thread is done: Thread Group 1-58
2024-11-17 19:14:37,289 INFO o.a.j.t.JMeterThread: Thread finished: Thread Group 1-58
2024-11-17 19:14:38,853 INFO o.a.j.t.JMeterThread: Thread is done: Thread Group 1-59
2024-11-17 19:14:38,853 INFO o.a.j.t.JMeterThread: Thread finished: Thread Group 1-59
2024-11-17 19:14:40,462 INFO o.a.j.t.JMeterThread: Thread is done: Thread Group 1-60
2024-11-17 19:14:40,462 INFO o.a.j.t.JMeterThread: Thread finished: Thread Group 1-60
2024-11-17 19:14:42,145 INFO o.a.j.t.JMeterThread: Thread is done: Thread Group 1-61
2024-11-17 19:14:42,145 INFO o.a.j.t.JMeterThread: Thread finished: Thread Group 1-61
2024-11-17 19:14:43,513 INFO o.a.j.t.JMeterThread: Thread is done: Thread Group 1-62
2024-11-17 19:14:43,513 INFO o.a.j.t.JMeterThread: Thread finished: Thread Group 1-62
2024-11-17 19:14:45,020 INFO o.a.j.t.JMeterThread: Thread is done: Thread Group 1-63
2024-11-17 19:14:45,020 INFO o.a.j.t.JMeterThread: Thread finished: Thread Group 1-63
2024-11-17 19:14:46,360 INFO o.a.j.t.JMeterThread: Thread is done: Thread Group 1-64
2024-11-17 19:14:46,361 INFO o.a.j.t.JMeterThread: Thread finished: Thread Group 1-64
2024-11-17 19:14:47,782 INFO o.a.j.t.JMeterThread: Thread is done: Thread Group 1-65
2024-11-17 19:14:47,782 INFO o.a.j.t.JMeterThread: Thread finished: Thread Group 1-65
2024-11-17 19:14:49,407 INFO o.a.j.t.JMeterThread: Thread is done: Thread Group 1-66
2024-11-17 19:14:49,407 INFO o.a.j.t.JMeterThread: Thread finished: Thread Group 1-66
2024-11-17 19:14:51,015 INFO o.a.j.t.JMeterThread: Thread is done: Thread Group 1-67
2024-11-17 19:14:51,015 INFO o.a.j.t.JMeterThread: Thread finished: Thread Group 1-67
2024-11-17 19:14:52,584 INFO o.a.j.t.JMeterThread: Thread is done: Thread Group 1-68
2024-11-17 19:14:52,584 INFO o.a.j.t.JMeterThread: Thread finished: Thread Group 1-68
2024-11-17 19:14:54,060 INFO o.a.j.t.JMeterThread: Thread is done: Thread Group 1-69
2024-11-17 19:14:54,060 INFO o.a.j.t.JMeterThread: Thread finished: Thread Group 1-69
2024-11-17 19:14:55,643 INFO o.a.j.t.JMeterThread: Thread is done: Thread Group 1-70
2024-11-17 19:14:55,643 INFO o.a.j.t.JMeterThread: Thread finished: Thread Group 1-70
2024-11-17 19:14:57,014 INFO o.a.j.t.JMeterThread: Thread is done: Thread Group 1-71
2024-11-17 19:14:57,015 INFO o.a.j.t.JMeterThread: Thread finished: Thread Group 1-71
2024-11-17 19:14:58,296 INFO o.a.j.t.JMeterThread: Thread is done: Thread Group 1-72
2024-11-17 19:14:58,297 INFO o.a.j.t.JMeterThread: Thread finished: Thread Group 1-72
2024-11-17 19:14:59,779 INFO o.a.j.t.JMeterThread: Thread is done: Thread Group 1-73
2024-11-17 19:14:59,779 INFO o.a.j.t.JMeterThread: Thread finished: Thread Group 1-73
2024-11-17 19:15:01,579 INFO o.a.j.t.JMeterThread: Thread is done: Thread Group 1-74
2024-11-17 19:15:01,579 INFO o.a.j.t.JMeterThread: Thread finished: Thread Group 1-74
2024-11-17 19:15:03,077 INFO o.a.j.t.JMeterThread: Thread is done: Thread Group 1-75
2024-11-17 19:15:03,077 INFO o.a.j.t.JMeterThread: Thread finished: Thread Group 1-75
2024-11-17 19:15:04,348 INFO o.a.j.t.JMeterThread: Thread is done: Thread Group 1-76
2024-11-17 19:15:04,348 INFO o.a.j.t.JMeterThread: Thread finished: Thread Group 1-76
2024-11-17 19:15:05,969 INFO o.a.j.t.JMeterThread: Thread is done: Thread Group 1-77
2024-11-17 19:15:05,969 INFO o.a.j.t.JMeterThread: Thread finished: Thread Group 1-77
2024-11-17 19:15:07,419 INFO o.a.j.t.JMeterThread: Thread is done: Thread Group 1-78
2024-11-17 19:15:07,420 INFO o.a.j.t.JMeterThread: Thread finished: Thread Group 1-78
2024-11-17 19:15:08,877 INFO o.a.j.t.JMeterThread: Thread is done: Thread Group 1-79
2024-11-17 19:15:08,878 INFO o.a.j.t.JMeterThread: Thread finished: Thread Group 1-79
2024-11-17 19:15:10,629 INFO o.a.j.t.JMeterThread: Thread is done: Thread Group 1-80
2024-11-17 19:15:10,630 INFO o.a.j.t.JMeterThread: Thread finished: Thread Group 1-80
2024-11-17 19:15:11,864 INFO o.a.j.t.JMeterThread: Thread is done: Thread Group 1-81
2024-11-17 19:15:11,865 INFO o.a.j.t.JMeterThread: Thread finished: Thread Group 1-81
2024-11-17 19:15:13,278 INFO o.a.j.t.JMeterThread: Thread is done: Thread Group 1-82
2024-11-17 19:15:13,278 INFO o.a.j.t.JMeterThread: Thread finished: Thread Group 1-82
2024-11-17 19:15:15,060 INFO o.a.j.t.JMeterThread: Thread is done: Thread Group 1-83
2024-11-17 19:15:15,060 INFO o.a.j.t.JMeterThread: Thread finished: Thread Group 1-83
2024-11-17 19:15:16,569 INFO o.a.j.t.JMeterThread: Thread is done: Thread Group 1-84
2024-11-17 19:15:16,569 INFO o.a.j.t.JMeterThread: Thread finished: Thread Group 1-84
2024-11-17 19:15:18,017 INFO o.a.j.t.JMeterThread: Thread is done: Thread Group 1-85
2024-11-17 19:15:18,017 INFO o.a.j.t.JMeterThread: Thread finished: Thread Group 1-85
2024-11-17 19:15:19,371 INFO o.a.j.t.JMeterThread: Thread is done: Thread Group 1-86
2024-11-17 19:15:19,371 INFO o.a.j.t.JMeterThread: Thread finished: Thread Group 1-86
2024-11-17 19:15:42,029 INFO o.a.j.t.JMeterThread: Thread is done: Thread Group 1-87
2024-11-17 19:15:42,029 INFO o.a.j.t.JMeterThread: Thread finished: Thread Group 1-87
2024-11-17 19:15:43,298 INFO o.a.j.g.a.Start: Stopping test
2024-11-17 19:15:43,314 INFO o.a.j.t.JMeterThread: Stopping: Thread Group 1-89
2024-11-17 19:15:43,314 WARN o.a.j.t.JMeterThread: Interrupting: Thread Group 1-89 sampler: HTTP Request
2024-11-17 19:15:43,315 INFO o.a.j.t.JMeterThread: Stopping: Thread Group 1-94
2024-11-17 19:15:43,315 WARN o.a.j.t.JMeterThread: Interrupting: Thread Group 1-94 sampler: HTTP Request
2024-11-17 19:15:43,317 INFO o.a.j.t.JMeterThread: Stopping: Thread Group 1-96
2024-11-17 19:15:43,317 WARN o.a.j.t.JMeterThread: Interrupting: Thread Group 1-96 sampler: HTTP Request
2024-11-17 19:15:43,319 INFO o.a.j.t.JMeterThread: Thread is done: Thread Group 1-89
2024-11-17 19:15:43,319 INFO o.a.j.t.JMeterThread: Thread finished: Thread Group 1-89
2024-11-17 19:15:43,319 INFO o.a.j.t.JMeterThread: Thread is done: Thread Group 1-94
2024-11-17 19:15:43,319 INFO o.a.j.t.JMeterThread: Thread finished: Thread Group 1-94
2024-11-17 19:15:43,319 INFO o.a.j.t.JMeterThread: Stopping: Thread Group 1-95
2024-11-17 19:15:43,319 WARN o.a.j.t.JMeterThread: Interrupting: Thread Group 1-95 sampler: HTTP Request
2024-11-17 19:15:43,320 INFO o.a.j.t.JMeterThread: Thread is done: Thread Group 1-96
2024-11-17 19:15:43,320 INFO o.a.j.t.JMeterThread: Thread finished: Thread Group 1-96
2024-11-17 19:15:43,320 INFO o.a.j.t.JMeterThread: Stopping: Thread Group 1-91
2024-11-17 19:15:43,321 WARN o.a.j.t.JMeterThread: Interrupting: Thread Group 1-91 sampler: HTTP Request
2024-11-17 19:15:43,322 INFO o.a.j.t.JMeterThread: Stopping: Thread Group 1-90
2024-11-17 19:15:43,322 WARN o.a.j.t.JMeterThread: Interrupting: Thread Group 1-90 sampler: HTTP Request
2024-11-17 19:15:43,324 INFO o.a.j.t.JMeterThread: Thread is done: Thread Group 1-95
2024-11-17 19:15:43,324 INFO o.a.j.t.JMeterThread: Thread finished: Thread Group 1-95
2024-11-17 19:15:43,324 INFO o.a.j.t.JMeterThread: Thread is done: Thread Group 1-91
2024-11-17 19:15:43,324 INFO o.a.j.t.JMeterThread: Thread finished: Thread Group 1-91
2024-11-17 19:15:43,324 INFO o.a.j.t.JMeterThread: Stopping: Thread Group 1-97
2024-11-17 19:15:43,324 WARN o.a.j.t.JMeterThread: Interrupting: Thread Group 1-97 sampler: HTTP Request
2024-11-17 19:15:43,327 INFO o.a.j.t.JMeterThread: Thread is done: Thread Group 1-90
2024-11-17 19:15:43,327 INFO o.a.j.t.JMeterThread: Thread finished: Thread Group 1-90
2024-11-17 19:15:43,327 INFO o.a.j.t.JMeterThread: Stopping: Thread Group 1-100
2024-11-17 19:15:43,327 WARN o.a.j.t.JMeterThread: Interrupting: Thread Group 1-100 sampler: HTTP Request
2024-11-17 19:15:43,328 INFO o.a.j.t.JMeterThread: Stopping: Thread Group 1-88
2024-11-17 19:15:43,328 WARN o.a.j.t.JMeterThread: Interrupting: Thread Group 1-88 sampler: HTTP Request
2024-11-17 19:15:43,328 INFO o.a.j.t.JMeterThread: Thread is done: Thread Group 1-97
2024-11-17 19:15:43,328 INFO o.a.j.t.JMeterThread: Thread finished: Thread Group 1-97
2024-11-17 19:15:43,329 INFO o.a.j.t.JMeterThread: Stopping: Thread Group 1-99
2024-11-17 19:15:43,329 WARN o.a.j.t.JMeterThread: Interrupting: Thread Group 1-99 sampler: HTTP Request
2024-11-17 19:15:43,331 INFO o.a.j.t.JMeterThread: Thread is done: Thread Group 1-100
2024-11-17 19:15:43,331 INFO o.a.j.t.JMeterThread: Thread finished: Thread Group 1-100
2024-11-17 19:15:43,331 INFO o.a.j.t.JMeterThread: Thread is done: Thread Group 1-88
2024-11-17 19:15:43,332 INFO o.a.j.t.JMeterThread: Thread finished: Thread Group 1-88
2024-11-17 19:15:43,332 INFO o.a.j.t.JMeterThread: Stopping: Thread Group 1-93
2024-11-17 19:15:43,332 WARN o.a.j.t.JMeterThread: Interrupting: Thread Group 1-93 sampler: HTTP Request
2024-11-17 19:15:43,332 INFO o.a.j.t.JMeterThread: Thread is done: Thread Group 1-99
2024-11-17 19:15:43,332 INFO o.a.j.t.JMeterThread: Thread finished: Thread Group 1-99
2024-11-17 19:15:43,333 INFO o.a.j.t.JMeterThread: Stopping: Thread Group 1-92
2024-11-17 19:15:43,333 WARN o.a.j.t.JMeterThread: Interrupting: Thread Group 1-92 sampler: HTTP Request
2024-11-17 19:15:43,334 INFO o.a.j.t.JMeterThread: Stopping: Thread Group 1-98
2024-11-17 19:15:43,334 WARN o.a.j.t.JMeterThread: Interrupting: Thread Group 1-98 sampler: HTTP Request
2024-11-17 19:15:43,335 INFO o.a.j.t.JMeterThread: Thread is done: Thread Group 1-92
2024-11-17 19:15:43,335 INFO o.a.j.t.JMeterThread: Thread is done: Thread Group 1-93
2024-11-17 19:15:43,336 INFO o.a.j.t.JMeterThread: Thread finished: Thread Group 1-93
2024-11-17 19:15:43,336 INFO o.a.j.t.JMeterThread: Thread finished: Thread Group 1-92
2024-11-17 19:15:43,337 INFO o.a.j.t.JMeterThread: Thread is done: Thread Group 1-98
2024-11-17 19:15:43,337 INFO o.a.j.t.JMeterThread: Thread finished: Thread Group 1-98
2024-11-17 19:15:43,338 INFO o.a.j.e.StandardJMeterEngine: Notifying test listeners of end of test
2024-11-17 19:15:43,338 INFO o.a.j.g.u.JMeterMenuBar: setRunning(false, *local*)
2024-11-17 19:15:45,855 INFO o.a.j.e.StandardJMeterEngine: Running the test!
2024-11-17 19:15:45,855 INFO o.a.j.s.SampleEvent: List of sample_variables: []
2024-11-17 19:15:45,856 INFO o.a.j.g.u.JMeterMenuBar: setRunning(true, *local*)
2024-11-17 19:15:46,041 INFO o.a.j.e.StandardJMeterEngine: Starting ThreadGroup: 1 : Thread Group
2024-11-17 19:15:46,041 INFO o.a.j.e.StandardJMeterEngine: Starting 100 threads for group Thread Group.
2024-11-17 19:15:46,041 INFO o.a.j.e.StandardJMeterEngine: Thread will continue on error
2024-11-17 19:15:46,042 INFO o.a.j.t.ThreadGroup: Starting thread group... number=1 threads=100 ramp-up=150 delayedStart=false
2024-11-17 19:15:46,077 INFO o.a.j.t.JMeterThread: Thread started: Thread Group 1-1
2024-11-17 19:15:46,098 INFO o.a.j.t.ThreadGroup: Started thread group number 1
2024-11-17 19:15:46,098 INFO o.a.j.e.StandardJMeterEngine: All thread groups have been started
2024-11-17 19:15:47,562 INFO o.a.j.t.JMeterThread: Thread started: Thread Group 1-2
2024-11-17 19:15:49,061 INFO o.a.j.t.JMeterThread: Thread started: Thread Group 1-3
2024-11-17 19:15:50,562 INFO o.a.j.t.JMeterThread: Thread started: Thread Group 1-4
2024-11-17 19:15:52,062 INFO o.a.j.t.JMeterThread: Thread started: Thread Group 1-5
2024-11-17 19:15:53,559 INFO o.a.j.t.JMeterThread: Thread started: Thread Group 1-6
2024-11-17 19:15:55,096 INFO o.a.j.t.JMeterThread: Thread started: Thread Group 1-7
2024-11-17 19:15:56,559 INFO o.a.j.t.JMeterThread: Thread started: Thread Group 1-8
2024-11-17 19:15:58,058 INFO o.a.j.t.JMeterThread: Thread started: Thread Group 1-9
2024-11-17 19:15:59,556 INFO o.a.j.t.JMeterThread: Thread started: Thread Group 1-10
2024-11-17 19:16:01,058 INFO o.a.j.t.JMeterThread: Thread started: Thread Group 1-11
2024-11-17 19:16:02,555 INFO o.a.j.t.JMeterThread: Thread started: Thread Group 1-12
2024-11-17 19:16:04,055 INFO o.a.j.t.JMeterThread: Thread started: Thread Group 1-13
2024-11-17 19:16:05,575 INFO o.a.j.t.JMeterThread: Thread started: Thread Group 1-14
2024-11-17 19:16:07,055 INFO o.a.j.t.JMeterThread: Thread started: Thread Group 1-15
2024-11-17 19:16:08,554 INFO o.a.j.t.JMeterThread: Thread started: Thread Group 1-16
2024-11-17 19:16:10,054 INFO o.a.j.t.JMeterThread: Thread started: Thread Group 1-17
2024-11-17 19:16:11,554 INFO o.a.j.t.JMeterThread: Thread started: Thread Group 1-18
2024-11-17 19:16:13,053 INFO o.a.j.t.JMeterThread: Thread started: Thread Group 1-19
2024-11-17 19:16:14,553 INFO o.a.j.t.JMeterThread: Thread started: Thread Group 1-20
2024-11-17 19:16:16,053 INFO o.a.j.t.JMeterThread: Thread started: Thread Group 1-21
2024-11-17 19:16:17,552 INFO o.a.j.t.JMeterThread: Thread started: Thread Group 1-22
2024-11-17 19:16:19,052 INFO o.a.j.t.JMeterThread: Thread started: Thread Group 1-23
2024-11-17 19:16:20,551 INFO o.a.j.t.JMeterThread: Thread started: Thread Group 1-24
2024-11-17 19:16:22,052 INFO o.a.j.t.JMeterThread: Thread started: Thread Group 1-25
2024-11-17 19:16:23,550 INFO o.a.j.t.JMeterThread: Thread started: Thread Group 1-26
2024-11-17 19:16:25,051 INFO o.a.j.t.JMeterThread: Thread started: Thread Group 1-27
2024-11-17 19:16:26,550 INFO o.a.j.t.JMeterThread: Thread started: Thread Group 1-28
2024-11-17 19:16:28,049 INFO o.a.j.t.JMeterThread: Thread started: Thread Group 1-29
2024-11-17 19:16:29,548 INFO o.a.j.t.JMeterThread: Thread started: Thread Group 1-30
2024-11-17 19:16:31,085 INFO o.a.j.t.JMeterThread: Thread started: Thread Group 1-31
2024-11-17 19:16:32,583 INFO o.a.j.t.JMeterThread: Thread started: Thread Group 1-32
2024-11-17 19:16:34,082 INFO o.a.j.t.JMeterThread: Thread started: Thread Group 1-33
2024-11-17 19:16:35,583 INFO o.a.j.t.JMeterThread: Thread started: Thread Group 1-34
2024-11-17 19:16:37,084 INFO o.a.j.t.JMeterThread: Thread started: Thread Group 1-35
2024-11-17 19:16:38,583 INFO o.a.j.t.JMeterThread: Thread started: Thread Group 1-36
2024-11-17 19:16:40,084 INFO o.a.j.t.JMeterThread: Thread started: Thread Group 1-37
2024-11-17 19:16:41,585 INFO o.a.j.t.JMeterThread: Thread started: Thread Group 1-38
2024-11-17 19:16:43,083 INFO o.a.j.t.JMeterThread: Thread started: Thread Group 1-39
2024-11-17 19:16:44,584 INFO o.a.j.t.JMeterThread: Thread started: Thread Group 1-40
2024-11-17 19:16:46,085 INFO o.a.j.t.JMeterThread: Thread started: Thread Group 1-41
2024-11-17 19:16:47,583 INFO o.a.j.t.JMeterThread: Thread started: Thread Group 1-42
2024-11-17 19:16:49,083 INFO o.a.j.t.JMeterThread: Thread started: Thread Group 1-43
2024-11-17 19:16:50,584 INFO o.a.j.t.JMeterThread: Thread started: Thread Group 1-44
2024-11-17 19:16:52,083 INFO o.a.j.t.JMeterThread: Thread started: Thread Group 1-45
2024-11-17 19:16:53,583 INFO o.a.j.t.JMeterThread: Thread started: Thread Group 1-46
2024-11-17 19:16:55,083 INFO o.a.j.t.JMeterThread: Thread started: Thread Group 1-47
2024-11-17 19:16:56,579 INFO o.a.j.t.JMeterThread: Thread started: Thread Group 1-48
2024-11-17 19:16:58,078 INFO o.a.j.t.JMeterThread: Thread started: Thread Group 1-49
2024-11-17 19:16:59,578 INFO o.a.j.t.JMeterThread: Thread started: Thread Group 1-50
2024-11-17 19:17:01,077 INFO o.a.j.t.JMeterThread: Thread started: Thread Group 1-51
2024-11-17 19:17:02,577 INFO o.a.j.t.JMeterThread: Thread started: Thread Group 1-52
2024-11-17 19:17:04,076 INFO o.a.j.t.JMeterThread: Thread started: Thread Group 1-53
2024-11-17 19:17:05,576 INFO o.a.j.t.JMeterThread: Thread started: Thread Group 1-54
2024-11-17 19:17:07,073 INFO o.a.j.t.JMeterThread: Thread started: Thread Group 1-55
2024-11-17 19:17:08,564 INFO o.a.j.t.JMeterThread: Thread started: Thread Group 1-56
2024-11-17 19:17:10,065 INFO o.a.j.t.JMeterThread: Thread started: Thread Group 1-57
2024-11-17 19:17:11,566 INFO o.a.j.t.JMeterThread: Thread started: Thread Group 1-58
2024-11-17 19:17:13,066 INFO o.a.j.t.JMeterThread: Thread started: Thread Group 1-59
2024-11-17 19:17:14,565 INFO o.a.j.t.JMeterThread: Thread started: Thread Group 1-60
2024-11-17 19:17:16,064 INFO o.a.j.t.JMeterThread: Thread started: Thread Group 1-61
2024-11-17 19:17:17,563 INFO o.a.j.t.JMeterThread: Thread started: Thread Group 1-62
2024-11-17 19:17:19,062 INFO o.a.j.t.JMeterThread: Thread started: Thread Group 1-63
2024-11-17 19:17:20,564 INFO o.a.j.t.JMeterThread: Thread started: Thread Group 1-64
2024-11-17 19:17:22,067 INFO o.a.j.t.JMeterThread: Thread started: Thread Group 1-65
2024-11-17 19:17:23,570 INFO o.a.j.t.JMeterThread: Thread started: Thread Group 1-66
2024-11-17 19:17:25,068 INFO o.a.j.t.JMeterThread: Thread started: Thread Group 1-67
2024-11-17 19:17:26,569 INFO o.a.j.t.JMeterThread: Thread started: Thread Group 1-68
2024-11-17 19:17:28,070 INFO o.a.j.t.JMeterThread: Thread started: Thread Group 1-69
2024-11-17 19:17:29,570 INFO o.a.j.t.JMeterThread: Thread started: Thread Group 1-70
2024-11-17 19:17:31,070 INFO o.a.j.t.JMeterThread: Thread started: Thread Group 1-71
2024-11-17 19:17:32,570 INFO o.a.j.t.JMeterThread: Thread started: Thread Group 1-72
2024-11-17 19:17:34,070 INFO o.a.j.t.JMeterThread: Thread started: Thread Group 1-73
2024-11-17 19:17:35,572 INFO o.a.j.t.JMeterThread: Thread started: Thread Group 1-74
2024-11-17 19:17:37,071 INFO o.a.j.t.JMeterThread: Thread started: Thread Group 1-75
2024-11-17 19:17:38,571 INFO o.a.j.t.JMeterThread: Thread started: Thread Group 1-76
2024-11-17 19:17:40,070 INFO o.a.j.t.JMeterThread: Thread started: Thread Group 1-77
2024-11-17 19:17:41,569 INFO o.a.j.t.JMeterThread: Thread started: Thread Group 1-78
2024-11-17 19:17:43,071 INFO o.a.j.t.JMeterThread: Thread started: Thread Group 1-79
2024-11-17 19:17:44,570 INFO o.a.j.t.JMeterThread: Thread started: Thread Group 1-80
2024-11-17 19:17:46,071 INFO o.a.j.t.JMeterThread: Thread started: Thread Group 1-81
2024-11-17 19:17:47,569 INFO o.a.j.t.JMeterThread: Thread started: Thread Group 1-82
2024-11-17 19:17:49,069 INFO o.a.j.t.JMeterThread: Thread started: Thread Group 1-83
2024-11-17 19:17:50,571 INFO o.a.j.t.JMeterThread: Thread started: Thread Group 1-84
2024-11-17 19:17:52,073 INFO o.a.j.t.JMeterThread: Thread started: Thread Group 1-85
2024-11-17 19:17:53,576 INFO o.a.j.t.JMeterThread: Thread started: Thread Group 1-86
2024-11-17 19:17:55,075 INFO o.a.j.t.JMeterThread: Thread started: Thread Group 1-87
2024-11-17 19:17:56,576 INFO o.a.j.t.JMeterThread: Thread started: Thread Group 1-88
2024-11-17 19:17:58,075 INFO o.a.j.t.JMeterThread: Thread started: Thread Group 1-89
2024-11-17 19:17:59,577 INFO o.a.j.t.JMeterThread: Thread started: Thread Group 1-90
2024-11-17 19:18:01,077 INFO o.a.j.t.JMeterThread: Thread started: Thread Group 1-91
2024-11-17 19:18:02,576 INFO o.a.j.t.JMeterThread: Thread started: Thread Group 1-92
2024-11-17 19:18:04,076 INFO o.a.j.t.JMeterThread: Thread started: Thread Group 1-93
2024-11-17 19:18:05,576 INFO o.a.j.t.JMeterThread: Thread started: Thread Group 1-94
2024-11-17 19:18:07,078 INFO o.a.j.t.JMeterThread: Thread started: Thread Group 1-95
2024-11-17 19:18:08,577 INFO o.a.j.t.JMeterThread: Thread started: Thread Group 1-96
2024-11-17 19:18:10,078 INFO o.a.j.t.JMeterThread: Thread started: Thread Group 1-97
2024-11-17 19:18:11,579 INFO o.a.j.t.JMeterThread: Thread started: Thread Group 1-98
2024-11-17 19:18:13,077 INFO o.a.j.t.JMeterThread: Thread started: Thread Group 1-99
2024-11-17 19:18:14,578 INFO o.a.j.t.JMeterThread: Thread started: Thread Group 1-100
2024-11-17 19:28:01,345 INFO o.a.j.t.JMeterThread: Thread is done: Thread Group 1-1
2024-11-17 19:28:01,345 INFO o.a.j.t.JMeterThread: Thread finished: Thread Group 1-1
2024-11-17 19:28:02,972 INFO o.a.j.t.JMeterThread: Thread is done: Thread Group 1-2
2024-11-17 19:28:02,972 INFO o.a.j.t.JMeterThread: Thread finished: Thread Group 1-2
2024-11-17 19:28:04,351 INFO o.a.j.t.JMeterThread: Thread is done: Thread Group 1-3
2024-11-17 19:28:04,351 INFO o.a.j.t.JMeterThread: Thread finished: Thread Group 1-3
2024-11-17 19:28:05,742 INFO o.a.j.t.JMeterThread: Thread is done: Thread Group 1-4
2024-11-17 19:28:05,743 INFO o.a.j.t.JMeterThread: Thread finished: Thread Group 1-4
2024-11-17 19:28:07,141 INFO o.a.j.t.JMeterThread: Thread is done: Thread Group 1-5
2024-11-17 19:28:07,141 INFO o.a.j.t.JMeterThread: Thread finished: Thread Group 1-5
2024-11-17 19:28:08,661 INFO o.a.j.t.JMeterThread: Thread is done: Thread Group 1-6
2024-11-17 19:28:08,661 INFO o.a.j.t.JMeterThread: Thread finished: Thread Group 1-6
2024-11-17 19:28:10,268 INFO o.a.j.t.JMeterThread: Thread is done: Thread Group 1-7
2024-11-17 19:28:10,268 INFO o.a.j.t.JMeterThread: Thread finished: Thread Group 1-7
2024-11-17 19:28:11,652 INFO o.a.j.t.JMeterThread: Thread is done: Thread Group 1-8
2024-11-17 19:28:11,652 INFO o.a.j.t.JMeterThread: Thread finished: Thread Group 1-8
2024-11-17 19:28:13,146 INFO o.a.j.t.JMeterThread: Thread is done: Thread Group 1-9
2024-11-17 19:28:13,146 INFO o.a.j.t.JMeterThread: Thread finished: Thread Group 1-9
2024-11-17 19:28:14,644 INFO o.a.j.t.JMeterThread: Thread is done: Thread Group 1-10
2024-11-17 19:28:14,644 INFO o.a.j.t.JMeterThread: Thread finished: Thread Group 1-10
2024-11-17 19:28:16,244 INFO o.a.j.t.JMeterThread: Thread is done: Thread Group 1-11
2024-11-17 19:28:16,244 INFO o.a.j.t.JMeterThread: Thread finished: Thread Group 1-11
2024-11-17 19:28:17,779 INFO o.a.j.t.JMeterThread: Thread is done: Thread Group 1-12
2024-11-17 19:28:17,779 INFO o.a.j.t.JMeterThread: Thread finished: Thread Group 1-12
2024-11-17 19:28:19,166 INFO o.a.j.t.JMeterThread: Thread is done: Thread Group 1-13
2024-11-17 19:28:19,166 INFO o.a.j.t.JMeterThread: Thread finished: Thread Group 1-13
2024-11-17 19:28:20,872 INFO o.a.j.t.JMeterThread: Thread is done: Thread Group 1-14
2024-11-17 19:28:20,872 INFO o.a.j.t.JMeterThread: Thread finished: Thread Group 1-14
2024-11-17 19:28:22,351 INFO o.a.j.t.JMeterThread: Thread is done: Thread Group 1-15
2024-11-17 19:28:22,352 INFO o.a.j.t.JMeterThread: Thread finished: Thread Group 1-15
2024-11-17 19:28:23,943 INFO o.a.j.t.JMeterThread: Thread is done: Thread Group 1-16
2024-11-17 19:28:23,943 INFO o.a.j.t.JMeterThread: Thread finished: Thread Group 1-16
2024-11-17 19:28:25,247 INFO o.a.j.t.JMeterThread: Thread is done: Thread Group 1-17
2024-11-17 19:28:25,247 INFO o.a.j.t.JMeterThread: Thread finished: Thread Group 1-17
2024-11-17 19:28:26,674 INFO o.a.j.t.JMeterThread: Thread is done: Thread Group 1-18
2024-11-17 19:28:26,674 INFO o.a.j.t.JMeterThread: Thread finished: Thread Group 1-18
2024-11-17 19:28:28,267 INFO o.a.j.t.JMeterThread: Thread is done: Thread Group 1-19
2024-11-17 19:28:28,267 INFO o.a.j.t.JMeterThread: Thread finished: Thread Group 1-19
2024-11-17 19:28:29,671 INFO o.a.j.t.JMeterThread: Thread is done: Thread Group 1-20
2024-11-17 19:28:29,671 INFO o.a.j.t.JMeterThread: Thread finished: Thread Group 1-20
2024-11-17 19:28:31,170 INFO o.a.j.t.JMeterThread: Thread is done: Thread Group 1-21
2024-11-17 19:28:31,170 INFO o.a.j.t.JMeterThread: Thread finished: Thread Group 1-21
2024-11-17 19:28:32,651 INFO o.a.j.t.JMeterThread: Thread is done: Thread Group 1-22
2024-11-17 19:28:32,651 INFO o.a.j.t.JMeterThread: Thread finished: Thread Group 1-22
2024-11-17 19:28:34,247 INFO o.a.j.t.JMeterThread: Thread is done: Thread Group 1-23
2024-11-17 19:28:34,247 INFO o.a.j.t.JMeterThread: Thread finished: Thread Group 1-23
2024-11-17 19:28:35,651 INFO o.a.j.t.JMeterThread: Thread is done: Thread Group 1-24
2024-11-17 19:28:35,651 INFO o.a.j.t.JMeterThread: Thread finished: Thread Group 1-24
2024-11-17 19:28:37,172 INFO o.a.j.t.JMeterThread: Thread is done: Thread Group 1-25
2024-11-17 19:28:37,172 INFO o.a.j.t.JMeterThread: Thread finished: Thread Group 1-25
2024-11-17 19:28:38,845 INFO o.a.j.t.JMeterThread: Thread is done: Thread Group 1-26
2024-11-17 19:28:38,845 INFO o.a.j.t.JMeterThread: Thread finished: Thread Group 1-26
2024-11-17 19:28:40,143 INFO o.a.j.t.JMeterThread: Thread is done: Thread Group 1-27
2024-11-17 19:28:40,143 INFO o.a.j.t.JMeterThread: Thread finished: Thread Group 1-27
2024-11-17 19:28:41,770 INFO o.a.j.t.JMeterThread: Thread is done: Thread Group 1-28
2024-11-17 19:28:41,770 INFO o.a.j.t.JMeterThread: Thread finished: Thread Group 1-28
2024-11-17 19:28:43,173 INFO o.a.j.t.JMeterThread: Thread is done: Thread Group 1-29
2024-11-17 19:28:43,173 INFO o.a.j.t.JMeterThread: Thread finished: Thread Group 1-29
2024-11-17 19:28:44,947 INFO o.a.j.t.JMeterThread: Thread is done: Thread Group 1-30
2024-11-17 19:28:44,947 INFO o.a.j.t.JMeterThread: Thread finished: Thread Group 1-30
2024-11-17 19:28:46,362 INFO o.a.j.t.JMeterThread: Thread is done: Thread Group 1-31
2024-11-17 19:28:46,362 INFO o.a.j.t.JMeterThread: Thread finished: Thread Group 1-31
2024-11-17 19:28:47,857 INFO o.a.j.t.JMeterThread: Thread is done: Thread Group 1-32
2024-11-17 19:28:47,857 INFO o.a.j.t.JMeterThread: Thread finished: Thread Group 1-32
2024-11-17 19:28:49,173 INFO o.a.j.t.JMeterThread: Thread is done: Thread Group 1-33
2024-11-17 19:28:49,173 INFO o.a.j.t.JMeterThread: Thread finished: Thread Group 1-33
2024-11-17 19:28:50,922 INFO o.a.j.t.JMeterThread: Thread is done: Thread Group 1-34
2024-11-17 19:28:50,922 INFO o.a.j.t.JMeterThread: Thread finished: Thread Group 1-34
2024-11-17 19:28:52,172 INFO o.a.j.t.JMeterThread: Thread is done: Thread Group 1-35
2024-11-17 19:28:52,172 INFO o.a.j.t.JMeterThread: Thread finished: Thread Group 1-35
2024-11-17 19:28:53,762 INFO o.a.j.t.JMeterThread: Thread is done: Thread Group 1-36
2024-11-17 19:28:53,763 INFO o.a.j.t.JMeterThread: Thread finished: Thread Group 1-36
2024-11-17 19:28:55,250 INFO o.a.j.t.JMeterThread: Thread is done: Thread Group 1-37
2024-11-17 19:28:55,250 INFO o.a.j.t.JMeterThread: Thread finished: Thread Group 1-37
2024-11-17 19:28:56,673 INFO o.a.j.t.JMeterThread: Thread is done: Thread Group 1-38
2024-11-17 19:28:56,673 INFO o.a.j.t.JMeterThread: Thread finished: Thread Group 1-38
2024-11-17 19:28:58,282 INFO o.a.j.t.JMeterThread: Thread is done: Thread Group 1-39
2024-11-17 19:28:58,282 INFO o.a.j.t.JMeterThread: Thread finished: Thread Group 1-39
2024-11-17 19:28:59,844 INFO o.a.j.t.JMeterThread: Thread is done: Thread Group 1-40
2024-11-17 19:28:59,844 INFO o.a.j.t.JMeterThread: Thread finished: Thread Group 1-40
2024-11-17 19:29:01,171 INFO o.a.j.t.JMeterThread: Thread is done: Thread Group 1-41
2024-11-17 19:29:01,172 INFO o.a.j.t.JMeterThread: Thread finished: Thread Group 1-41
2024-11-17 19:29:02,775 INFO o.a.j.t.JMeterThread: Thread is done: Thread Group 1-42
2024-11-17 19:29:02,775 INFO o.a.j.t.JMeterThread: Thread finished: Thread Group 1-42
2024-11-17 19:29:04,177 INFO o.a.j.t.JMeterThread: Thread is done: Thread Group 1-43
2024-11-17 19:29:04,177 INFO o.a.j.t.JMeterThread: Thread finished: Thread Group 1-43
2024-11-17 19:29:05,784 INFO o.a.j.t.JMeterThread: Thread is done: Thread Group 1-44
2024-11-17 19:29:05,784 INFO o.a.j.t.JMeterThread: Thread finished: Thread Group 1-44
2024-11-17 19:29:07,361 INFO o.a.j.t.JMeterThread: Thread is done: Thread Group 1-45
2024-11-17 19:29:07,361 INFO o.a.j.t.JMeterThread: Thread finished: Thread Group 1-45
2024-11-17 19:29:08,779 INFO o.a.j.t.JMeterThread: Thread is done: Thread Group 1-46
2024-11-17 19:29:08,779 INFO o.a.j.t.JMeterThread: Thread finished: Thread Group 1-46
2024-11-17 19:29:10,248 INFO o.a.j.t.JMeterThread: Thread is done: Thread Group 1-47
2024-11-17 19:29:10,248 INFO o.a.j.t.JMeterThread: Thread finished: Thread Group 1-47
2024-11-17 19:29:11,671 INFO o.a.j.t.JMeterThread: Thread is done: Thread Group 1-48
2024-11-17 19:29:11,671 INFO o.a.j.t.JMeterThread: Thread finished: Thread Group 1-48
2024-11-17 19:29:13,178 INFO o.a.j.t.JMeterThread: Thread is done: Thread Group 1-49
2024-11-17 19:29:13,178 INFO o.a.j.t.JMeterThread: Thread finished: Thread Group 1-49
2024-11-17 19:29:14,766 INFO o.a.j.t.JMeterThread: Thread is done: Thread Group 1-50
2024-11-17 19:29:14,766 INFO o.a.j.t.JMeterThread: Thread finished: Thread Group 1-50
2024-11-17 19:29:16,152 INFO o.a.j.t.JMeterThread: Thread is done: Thread Group 1-51
2024-11-17 19:29:16,152 INFO o.a.j.t.JMeterThread: Thread finished: Thread Group 1-51
2024-11-17 19:29:17,674 INFO o.a.j.t.JMeterThread: Thread is done: Thread Group 1-52
2024-11-17 19:29:17,675 INFO o.a.j.t.JMeterThread: Thread finished: Thread Group 1-52
2024-11-17 19:29:19,252 INFO o.a.j.t.JMeterThread: Thread is done: Thread Group 1-53
2024-11-17 19:29:19,252 INFO o.a.j.t.JMeterThread: Thread finished: Thread Group 1-53
2024-11-17 19:29:20,786 INFO o.a.j.t.JMeterThread: Thread is done: Thread Group 1-54
2024-11-17 19:29:20,786 INFO o.a.j.t.JMeterThread: Thread finished: Thread Group 1-54
2024-11-17 19:29:22,176 INFO o.a.j.t.JMeterThread: Thread is done: Thread Group 1-55
2024-11-17 19:29:22,176 INFO o.a.j.t.JMeterThread: Thread finished: Thread Group 1-55
2024-11-17 19:29:23,869 INFO o.a.j.t.JMeterThread: Thread is done: Thread Group 1-56
2024-11-17 19:29:23,870 INFO o.a.j.t.JMeterThread: Thread finished: Thread Group 1-56
2024-11-17 19:29:25,262 INFO o.a.j.t.JMeterThread: Thread is done: Thread Group 1-57
2024-11-17 19:29:25,262 INFO o.a.j.t.JMeterThread: Thread finished: Thread Group 1-57
2024-11-17 19:29:26,856 INFO o.a.j.t.JMeterThread: Thread is done: Thread Group 1-58
2024-11-17 19:29:26,856 INFO o.a.j.t.JMeterThread: Thread finished: Thread Group 1-58
2024-11-17 19:29:28,354 INFO o.a.j.t.JMeterThread: Thread is done: Thread Group 1-59
2024-11-17 19:29:28,354 INFO o.a.j.t.JMeterThread: Thread finished: Thread Group 1-59
2024-11-17 19:29:29,658 INFO o.a.j.t.JMeterThread: Thread is done: Thread Group 1-60
2024-11-17 19:29:29,658 INFO o.a.j.t.JMeterThread: Thread finished: Thread Group 1-60
2024-11-17 19:29:31,154 INFO o.a.j.t.JMeterThread: Thread is done: Thread Group 1-61
2024-11-17 19:29:31,154 INFO o.a.j.t.JMeterThread: Thread finished: Thread Group 1-61
2024-11-17 19:29:32,675 INFO o.a.j.t.JMeterThread: Thread is done: Thread Group 1-62
2024-11-17 19:29:32,675 INFO o.a.j.t.JMeterThread: Thread finished: Thread Group 1-62
2024-11-17 19:29:34,254 INFO o.a.j.t.JMeterThread: Thread is done: Thread Group 1-63
2024-11-17 19:29:34,254 INFO o.a.j.t.JMeterThread: Thread finished: Thread Group 1-63
2024-11-17 19:29:35,673 INFO o.a.j.t.JMeterThread: Thread is done: Thread Group 1-64
2024-11-17 19:29:35,673 INFO o.a.j.t.JMeterThread: Thread finished: Thread Group 1-64
2024-11-17 19:29:37,152 INFO o.a.j.t.JMeterThread: Thread is done: Thread Group 1-65
2024-11-17 19:29:37,152 INFO o.a.j.t.JMeterThread: Thread finished: Thread Group 1-65
2024-11-17 19:29:38,655 INFO o.a.j.t.JMeterThread: Thread is done: Thread Group 1-66
2024-11-17 19:29:38,655 INFO o.a.j.t.JMeterThread: Thread finished: Thread Group 1-66
2024-11-17 19:29:40,182 INFO o.a.j.t.JMeterThread: Thread is done: Thread Group 1-67
2024-11-17 19:29:40,182 INFO o.a.j.t.JMeterThread: Thread finished: Thread Group 1-67
2024-11-17 19:29:41,787 INFO o.a.j.t.JMeterThread: Thread is done: Thread Group 1-68
2024-11-17 19:29:41,788 INFO o.a.j.t.JMeterThread: Thread finished: Thread Group 1-68
2024-11-17 19:29:43,252 INFO o.a.j.t.JMeterThread: Thread is done: Thread Group 1-69
2024-11-17 19:29:43,252 INFO o.a.j.t.JMeterThread: Thread finished: Thread Group 1-69
2024-11-17 19:29:44,858 INFO o.a.j.t.JMeterThread: Thread is done: Thread Group 1-70
2024-11-17 19:29:44,858 INFO o.a.j.t.JMeterThread: Thread finished: Thread Group 1-70
2024-11-17 19:29:46,373 INFO o.a.j.t.JMeterThread: Thread is done: Thread Group 1-71
2024-11-17 19:29:46,373 INFO o.a.j.t.JMeterThread: Thread finished: Thread Group 1-71
2024-11-17 19:29:47,851 INFO o.a.j.t.JMeterThread: Thread is done: Thread Group 1-72
2024-11-17 19:29:47,851 INFO o.a.j.t.JMeterThread: Thread finished: Thread Group 1-72
2024-11-17 19:29:49,174 INFO o.a.j.t.JMeterThread: Thread is done: Thread Group 1-73
2024-11-17 19:29:49,174 INFO o.a.j.t.JMeterThread: Thread finished: Thread Group 1-73
2024-11-17 19:29:50,657 INFO o.a.j.t.JMeterThread: Thread is done: Thread Group 1-74
2024-11-17 19:29:50,657 INFO o.a.j.t.JMeterThread: Thread finished: Thread Group 1-74
2024-11-17 19:29:52,187 INFO o.a.j.t.JMeterThread: Thread is done: Thread Group 1-75
2024-11-17 19:29:52,187 INFO o.a.j.t.JMeterThread: Thread finished: Thread Group 1-75
2024-11-17 19:29:53,672 INFO o.a.j.t.JMeterThread: Thread is done: Thread Group 1-76
2024-11-17 19:29:53,672 INFO o.a.j.t.JMeterThread: Thread finished: Thread Group 1-76
2024-11-17 19:29:55,161 INFO o.a.j.t.JMeterThread: Thread is done: Thread Group 1-77
2024-11-17 19:29:55,161 INFO o.a.j.t.JMeterThread: Thread finished: Thread Group 1-77
2024-11-17 19:29:56,678 INFO o.a.j.t.JMeterThread: Thread is done: Thread Group 1-78
2024-11-17 19:29:56,678 INFO o.a.j.t.JMeterThread: Thread finished: Thread Group 1-78
2024-11-17 19:29:58,266 INFO o.a.j.t.JMeterThread: Thread is done: Thread Group 1-79
2024-11-17 19:29:58,267 INFO o.a.j.t.JMeterThread: Thread finished: Thread Group 1-79
2024-11-17 19:29:59,656 INFO o.a.j.t.JMeterThread: Thread is done: Thread Group 1-80
2024-11-17 19:29:59,656 INFO o.a.j.t.JMeterThread: Thread finished: Thread Group 1-80
2024-11-17 19:30:01,185 INFO o.a.j.t.JMeterThread: Thread is done: Thread Group 1-81
2024-11-17 19:30:01,185 INFO o.a.j.t.JMeterThread: Thread finished: Thread Group 1-81
2024-11-17 19:30:02,853 INFO o.a.j.t.JMeterThread: Thread is done: Thread Group 1-82
2024-11-17 19:30:02,853 INFO o.a.j.t.JMeterThread: Thread finished: Thread Group 1-82
2024-11-17 19:30:04,156 INFO o.a.j.t.JMeterThread: Thread is done: Thread Group 1-83
2024-11-17 19:30:04,156 INFO o.a.j.t.JMeterThread: Thread finished: Thread Group 1-83
2024-11-17 19:30:05,659 INFO o.a.j.t.JMeterThread: Thread is done: Thread Group 1-84
2024-11-17 19:30:05,659 INFO o.a.j.t.JMeterThread: Thread finished: Thread Group 1-84
2024-11-17 19:30:07,261 INFO o.a.j.t.JMeterThread: Thread is done: Thread Group 1-85
2024-11-17 19:30:07,261 INFO o.a.j.t.JMeterThread: Thread finished: Thread Group 1-85
2024-11-17 19:30:08,961 INFO o.a.j.t.JMeterThread: Thread is done: Thread Group 1-86
2024-11-17 19:30:08,961 INFO o.a.j.t.JMeterThread: Thread finished: Thread Group 1-86
2024-11-17 19:30:10,259 INFO o.a.j.t.JMeterThread: Thread is done: Thread Group 1-87
2024-11-17 19:30:10,259 INFO o.a.j.t.JMeterThread: Thread finished: Thread Group 1-87
2024-11-17 19:30:11,763 INFO o.a.j.t.JMeterThread: Thread is done: Thread Group 1-88
2024-11-17 19:30:11,763 INFO o.a.j.t.JMeterThread: Thread finished: Thread Group 1-88
2024-11-17 19:30:13,158 INFO o.a.j.t.JMeterThread: Thread is done: Thread Group 1-89
2024-11-17 19:30:13,158 INFO o.a.j.t.JMeterThread: Thread finished: Thread Group 1-89
2024-11-17 19:30:14,853 INFO o.a.j.t.JMeterThread: Thread is done: Thread Group 1-90
2024-11-17 19:30:14,853 INFO o.a.j.t.JMeterThread: Thread finished: Thread Group 1-90
2024-11-17 19:30:16,261 INFO o.a.j.t.JMeterThread: Thread is done: Thread Group 1-91
2024-11-17 19:30:16,261 INFO o.a.j.t.JMeterThread: Thread finished: Thread Group 1-91
2024-11-17 19:30:17,665 INFO o.a.j.t.JMeterThread: Thread is done: Thread Group 1-92
2024-11-17 19:30:17,665 INFO o.a.j.t.JMeterThread: Thread finished: Thread Group 1-92
2024-11-17 19:30:19,157 INFO o.a.j.t.JMeterThread: Thread is done: Thread Group 1-93
2024-11-17 19:30:19,157 INFO o.a.j.t.JMeterThread: Thread finished: Thread Group 1-93
2024-11-17 19:30:20,660 INFO o.a.j.t.JMeterThread: Thread is done: Thread Group 1-94
2024-11-17 19:30:20,660 INFO o.a.j.t.JMeterThread: Thread finished: Thread Group 1-94
2024-11-17 19:30:22,162 INFO o.a.j.t.JMeterThread: Thread is done: Thread Group 1-95
2024-11-17 19:30:22,162 INFO o.a.j.t.JMeterThread: Thread finished: Thread Group 1-95
2024-11-17 19:30:23,856 INFO o.a.j.t.JMeterThread: Thread is done: Thread Group 1-96
2024-11-17 19:30:23,856 INFO o.a.j.t.JMeterThread: Thread finished: Thread Group 1-96
2024-11-17 19:30:25,159 INFO o.a.j.t.JMeterThread: Thread is done: Thread Group 1-97
2024-11-17 19:30:25,159 INFO o.a.j.t.JMeterThread: Thread finished: Thread Group 1-97
2024-11-17 19:30:26,789 INFO o.a.j.t.JMeterThread: Thread is done: Thread Group 1-98
2024-11-17 19:30:26,789 INFO o.a.j.t.JMeterThread: Thread finished: Thread Group 1-98
2024-11-17 19:30:28,190 INFO o.a.j.t.JMeterThread: Thread is done: Thread Group 1-99
2024-11-17 19:30:28,190 INFO o.a.j.t.JMeterThread: Thread finished: Thread Group 1-99
2024-11-17 19:30:29,987 INFO o.a.j.t.JMeterThread: Thread is done: Thread Group 1-100
2024-11-17 19:30:29,987 INFO o.a.j.t.JMeterThread: Thread finished: Thread Group 1-100
2024-11-17 19:30:29,988 INFO o.a.j.e.StandardJMeterEngine: Notifying test listeners of end of test
2024-11-17 19:30:29,988 INFO o.a.j.g.u.JMeterMenuBar: setRunning(false, *local*)
